node   1  (   0,    0) (   6,    3) (  11,    4) (  11,    5) (   9,    7) (   9,    9) (   9,    9) (   9,    9) (   9,    9) (   9,    9)
          (   9,    9) (   9,    9) (   9,    9) (   9,    9) (   9,    9) (   9,    9) (   9,    9) (   9,    9) (   9,    9) (   9,    9)
          (   9,    9) (   9,    9) (   9,    9) (   9,    9) (   9,    9) (   9,    9) (   9,    9) (   9,    9) (   9,    9) (   9,    9)
          (   9,    9) (   9,    9) (   9,    9) (   9,    9) (   9,    9) (   9,    9) (   9,    9) (   9,    9) (   9,    9) (   9,    9)
          (   9,    9) (   9,    9) (   9,    9) (   9,    9) (   9,    9) (   9,    9) (   9,    9) (   9,    9) (   9,    9) (   9,    9)
          (   9,    9) (   8,    9) (   9,    9) (   8,    9) (   6,    9) (   9,    9) (   8,    8) (   6,    9) (   9,    8) (   9,    8)
          (   9,    9) (   9,    9) (   9,    8) (   8,    9) (   9,    7) (   8,    8) (   8,    9) (   9,    7) (   8,    8) (   8,    7)
          (   9,    8) (   5,    9) (   8,    9) (   6,    9) (   8,    7) (   8,    5) (   8,    9) (   8,    6) (   8,    7) (   7,    6)
          (   8,    9) (   9,    7) (   9,    9) (   9,    7) (   9,    9) (   8,    9) (   8,    9) (   8,    8) (   8,    8) (   6,    9)
          (   8,    8) (   9,    9) (   7,    7) (   6,    9) (   8,    8) (   8,    9) (   9,    7) (   7,    8) (   9,    9) (   7,    9)
          (   9,    8) (   8,    8) (   8,    6) (   6,    8) (   9,    8) (   8,    8) (   8,    8) (   7,    7) (   8,    7) (   9,    7)
          (   8,    8) (   9,    8) (   9,    7) (   9,    8) (   9,    8) (   9,    8) (   9,    8) (   8,    7) (   9,    6) (   8,    7)
          (   8,    7) (   8,    8) (   8,    7) (   8,    8) (   8,    7) (   6,    7) (   7,    8) (   7,    7) (   7,    8) (   7,    8)
          (   8,    6) (   7,    6) (   8,    8) (   7,    8) (   8,    8) (   7,    7) (   7,    8) (   7,    8) (   7,    8) (   7,    8)
          (   8,    8) (   6,    8) (   8,    8) (   8,    8) (   7,    8) (   7,    8) (   7,    8) (   5,    8) (   8,    8) (   7,    8)
          (   8,    7) (   7,    8) (   8,    7) (   7,    8) (   7,    8) (   6,    8) (   7,    8) (   8,    7) (   7,    8) (   7,    7)
          (   6,    7) (   6,    8) (   8,    8) (   8,    8) (   6,    7) (   6,    7) (   6,    8) (   8,    8) (   6,    8) (   7,    7)
          (   7,    8) (   7,    6) (   8,    6) (   7,    6) (   7,    7) (   7,    8) (   5,    7) (   7,    7) (   7,    8) (   5,    7)
          (   8,    7) (   6,    8) (   8,    5) (   8,    8) (   4,    6) (   8,    5) (   8,    8) (   8,    8) (   8,    8) (   7,    7)
          (   8,    8) (   8,    7) (   6,    8) (   6,    8) (   8,    8) (   7,    7) (   7,    8) (   7,    8) (   6,    6) (   7,    7)
          (   6,    8) (   8,    8) (   7,    8) (   8,    8) (   6,    7) (   8,    6) (   7,    8) (   8,    8) (   8,    8) (   7,    8)
          (   6,    7) (   8,    7) (   7,    6) (   6,    8) (   8,    7) (   7,    6) (   6,    7) (   8,    6) (   8,    8) (   7,    7)
          (   7,    7) (   8,    8) (   8,    8) (   7,    8) (   8,    8) (   8,    8) (   7,    8) (   6,    8) (   7,    8) (   8,    8)
          (   7,    8) (   5,    7) (   8,    6) (   8,    7) (   8,    6) (   7,    8) (   8,    8) (   8,    7) (   8,    8) (   8,    5)
          (   7,    8) (   7,    8) (   8,    8) (   8,    8) (   8,    7) (   7,    7) (   7,    6) (   8,    7) (   8,    6) (   6,    6)
          (   8,    8) (   7,    5) (   8,    8) (   7,    8) (   7,    7) (   8,    7) (   8,    7) (   7,    7) (   8,    8) (   8,    8)
          (   8,    8) (   8,    8) (   7,    7) (   7,    8) (   8,    6) (   4,    8) (   6,    7) (   8,    7) (   8,    5) (   7,    8)
          (   8,    8) (   7,    7) (   8,    8) (   7,    7) (   8,    8) (   7,    7) (   8,    7) (   6,    8) (   7,    8) (   8,    7)
          (   8,    7) (   6,    8) (   8,    7) (   8,    6) (   7,    7) (   7,    7) (   8,    8) (   8,    7) (   8,    7) (   7,    6)
          (   8,    8) (   8,    6) (   7,    6) (   7,    8) (   8,    8) (   8,    8) (   8,    6) (   8,    7) (   7,    7) (   6,    5)
          (   8,    8) (   8,    8) (   8,    8) (   8,    8) (   8,    8) (   8,    8) (   8,    8) (   8,    8) (   8,    8) (   8,    8)
          (   8,    8) (   8,    8) (   8,    8) (   8,    8) (   8,    8) (   8,    8) (   8,    8) (   8,    8) (   8,    8) (   8,    8)
          (   8,    8) (   8,    8) (   8,    8) (   8,    8) (   8,    8) (   8,    8) (   8,    8) (   8,    8) (   8,    8) (   8,    8)
          (   8,    8) (   8,    8) (   8,    8) (   8,    8) (   8,    8) (   8,    8) (   8,    8) (   8,    8) (   8,    8) (   8,    8)
          (   8,    8) (   8,    8) (   8,    8) (   8,    8) (   8,    8) (   8,    8) (   8,    8) (   8,    8) (   8,    8) (   8,    8)
          (   8,    8) (   8,    8) (   8,    8) (   8,    8) (   8,    8) (   8,    8) (   8,    8) (   8,    8) (   8,    8) (   8,    8)
          (   8,    8) (   8,    8) (   8,    8) (   8,    8) (   8,    8) (   8,    8) (   8,    8) (   8,    8) (   8,    8) (   8,    8)
          (   8,    8) (   8,    8) (   8,    8) (   8,    8) (   8,    8) (   8,    8) (   8,    8) (   8,    8) (   8,    8) (   8,    8)
          (   8,    8) (   8,    8) (   8,    8) (   8,    8) (   8,    8) (   8,    8) (   8,    8) (   8,    8) (   8,    8) (   8,    8)
          (   8,    8) (   8,    8) (   8,    8) (   8,    8) (   8,    8) (   8,    8) (   8,    8) (   8,    8) (   8,    8) (   8,    8)
          (   8,    8) (   8,    8) (   8,    8) (   8,    8) (   8,    8) (   8,    8) (   8,    8) (   8,    8) (   8,    8) (   8,    8)
          (   8,    8) (   8,    8) (   8,    8) (   8,    8) (   8,    8) (   8,    8) (   8,    8) (   8,    8) (   8,    8) (   8,    8)
          (   8,    8) (   8,    8) (   8,    8) (   8,    8) (   8,    8) (   8,    8) (   8,    8) (   8,    8) (   8,    8) (   8,    8)
          (   8,    8) (   8,    8) (   8,    8) (   8,    8) (   8,    8) (   8,    8) (   8,    8) (   8,    8) (   8,    8) (   8,    8)
          (   8,    8) (   8,    8) (   8,    8) (   8,    8) (   8,    8) (   8,    8) (   8,    8) (   8,    8) (   8,    8) (   8,    8)
          (   8,    8) (   8,    8) (   8,    8) (   8,    8) (   8,    8) (   8,    8) (   8,    8) (   8,    8) (   8,    8) (   8,    8)
          (   8,    8) (   8,    8) (   8,    8) (   8,    8) (   8,    8) (   8,    8) (   8,    8) (   8,    8) (   8,    8) (   8,    8)
          (   8,    8) (   8,    8) (   8,    8) (   8,    8) (   8,    8) (   8,    8) (   8,    8) (   8,    8) (   8,    8) (   8,    8)
          (   8,    8) (   8,    8) (   8,    8) (   8,    8) (   8,    8) (   8,    8) (   8,    8) (   8,    8) (   8,    8) (   8,    8)
          (   8,    8) (   8,    8) (   8,    8) (   8,    8) (   8,    8) (   8,    8) (   8,    8) (   8,    8) (   8,    8) (   8,    8)
          (   8,    8) (   8,    8) (   8,    8) (   8,    8) (   8,    8) (   8,    8) (   8,    8) (   8,    8) (   8,    8) (   8,    8)
          (   8,    8) (   8,    8) (   8,    8) (   8,    8) (   8,    8) (   8,    8) (   8,    8) (   8,    8) (   8,    8) (   8,    8)
          (   8,    8) (   8,    8) (   8,    8) (   8,    8) (   8,    8) (   8,    8) (   8,    8) (   8,    8) (   8,    8) (   8,    8)
          (   8,    8) (   8,    8) (   8,    8) (   8,    8) (   8,    8) (   8,    8) (   8,    8) (   8,    8) (   8,    8) (   8,    8)
          (   8,    8) (   8,    8) (   8,    8) (   8,    8) (   8,    8) (   8,    8) (   8,    8) (   8,    8) (   8,    8) (   8,    8)
          (   8,    8) (   8,    8) (   8,    8) (   8,    8) (   8,    8) (   8,    8) (   8,    8) (   8,    8) (   8,    8) (   8,    8)
          (   8,    8) (   8,    8) (   8,    8) (   8,    8) (   8,    8) (   8,    8) (   8,    8) (   8,    8) (   8,    8) (   8,    8)
          (   8,    8) (   8,    8) (   8,    8) (   8,    8) (   8,    8) (   8,    8) (   8,    8) (   8,    8) (   8,    8) (   8,    8)
          (   8,    8) (   8,    8) (   8,    8) (   8,    8) (   8,    8) (   8,    8) (   8,    8) (   8,    8) (   8,    8) (   8,    8)
          (   8,    8) (   8,    8) (   8,    8) (   8,    8) (   8,    8) (   8,    8) (   8,    8) (   8,    8) (   8,    8) (   8,    8)
          (   8,    8) (   8,    8) (   8,    8) (   8,    8) (   8,    8) (   8,    8) (   8,    8) (   8,    8) (   8,    8) (   8,    8)
          (   8,    8) (   8,    8) (   8,    8) (   8,    8) (   8,    8) (   8,    8) (   8,    8) (   8,    8) (   8,    8) (   8,    8)
          (   8,    8) (   8,    8) (   8,    8) (   8,    8) (   8,    8) (   8,    8) (   8,    8) (   8,    8) (   8,    8) (   8,    8)
          (   8,    8) (   8,    8) (   8,    8) (   8,    8) (   8,    8) (   8,    8) (   8,    8) (   8,    8) (   8,    8) (   8,    8)
          (   8,    8) (   8,    8) (   8,    8) (   8,    8) (   8,    8) (   8,    8) (   8,    8) (   8,    8) (   8,    8) (   8,    8)
          (   8,    8) (   8,    8) (   8,    8) (   8,    8) (   8,    8) (   8,    8) (   8,    8) (   8,    8) (   8,    8) (   8,    8)
          (   8,    8) (   8,    8) (   8,    8) (   8,    8) (   8,    8) (   8,    8) (   8,    8) (   8,    8) (   8,    8) (   8,    8)
          (   8,    8) (   8,    8) (   8,    8) (   8,    8) (   8,    8) (   8,    8) (   8,    8) (   8,    8) (   8,    8) (   8,    8)
          (   8,    8) (   8,    8) (   8,    8) (   8,    8) (   8,    8) (   8,    8) (   8,    8) (   8,    8) (   8,    8) (   8,    8)
          (   8,    8) (   8,    8) (   8,    8) (   8,    8) (   8,    8) (   8,    8) (   8,    8) (   8,    8) (   8,    8) (   8,    8)
         
node   1 sent_total   5515  recv_total   5506

node   2  (   1,    0) (   0,    0) (   3,    2) (   7,    3) (   9,    7) (   9,    9) (   9,    9) (   9,    9) (   9,    9) (   9,    9)
          (   9,    9) (   9,    9) (   9,    9) (   9,    9) (   9,    9) (   9,    9) (   9,    9) (   9,    9) (   9,    9) (   9,    9)
          (   9,    9) (   9,    9) (   9,    9) (   9,    9) (   9,    9) (   9,    9) (   9,    9) (   9,    9) (   9,    9) (   9,    9)
          (   9,    9) (   9,    9) (   9,    9) (   9,    9) (   9,    9) (   9,    9) (   9,    9) (   9,    9) (   9,    9) (   9,    9)
          (   9,    9) (   9,    9) (   9,    9) (   9,    9) (   9,    9) (   9,    9) (   9,    9) (   9,    9) (   9,    9) (   9,    9)
          (   9,    9) (   7,    9) (   8,    8) (   8,    8) (   8,    7) (   7,    9) (   8,    8) (   9,    8) (   8,    9) (   9,    9)
          (   7,    9) (   9,    9) (   9,    9) (   7,    9) (   9,    9) (   8,    9) (   9,    7) (   9,    9) (   7,    6) (   6,    9)
          (   9,    8) (   7,    9) (   9,    8) (   8,    6) (   8,    7) (   9,    8) (   8,    9) (   9,    8) (   9,    9) (   8,    5)
          (   7,    7) (   8,    9) (   9,    9) (   9,    9) (   7,    8) (   8,    9) (   6,    9) (   9,    9) (   8,    8) (   9,    8)
          (   9,    6) (   8,    8) (   9,    9) (   8,    8) (   8,    8) (   9,    8) (   9,    6) (   8,    9) (   9,    9) (   8,    9)
          (   8,    8) (   9,    9) (   8,    8) (   9,    7) (   9,    8) (   9,    8) (   6,    7) (   9,    8) (   7,    7) (   8,    6)
          (   8,    6) (   8,    6) (   8,    8) (   9,    7) (   8,    7) (   9,    8) (   9,    8) (   8,    8) (   9,    5) (   7,    8)
          (   7,    7) (   8,    8) (   8,    5) (   8,    8) (   6,    8) (   7,    6) (   8,    6) (   7,    7) (   8,    8) (   6,    8)
          (   8,    6) (   7,    7) (   7,    8) (   8,    4) (   6,    7) (   7,    6) (   8,    6) (   7,    7) (   7,    7) (   8,    6)
          (   8,    7) (   7,    8) (   8,    6) (   7,    8) (   8,    7) (   7,    6) (   7,    5) (   8,    6) (   8,    7) (   7,    8)
          (   6,    8) (   7,    8) (   5,    8) (   7,    7) (   8,    7) (   8,    7) (   8,    8) (   7,    7) (   6,    8) (   8,    8)
          (   7,    6) (   6,    8) (   8,    6) (   6,    6) (   8,    8) (   6,    8) (   8,    8) (   6,    6) (   7,    7) (   8,    7)
          (   7,    8) (   6,    8) (   7,    8) (   6,    8) (   8,    7) (   8,    6) (   7,    7) (   7,    7) (   8,    7) (   6,    8)
          (   8,    6) (   8,    8) (   7,    8) (   6,    8) (   6,    8) (   7,    8) (   8,    8) (   7,    8) (   6,    6) (   7,    7)
          (   7,    8) (   7,    8) (   5,    6) (   7,    8) (   8,    6) (   7,    7) (   7,    8) (   7,    7) (   7,    8) (   8,    7)
          (   6,    6) (   7,    8) (   8,    6) (   8,    7) (   8,    8) (   8,    7) (   6,    8) (   8,    8) (   7,    8) (   8,    8)
          (   6,    7) (   7,    8) (   7,    6) (   7,    7) (   7,    7) (   7,    7) (   7,    6) (   7,    6) (   8,    8) (   7,    6)
          (   8,    8) (   5,    8) (   7,    8) (   6,    8) (   7,    7) (   8,    7) (   8,    8) (   7,    5) (   7,    7) (   8,    5)
          (   8,    6) (   7,    8) (   7,    7) (   8,    6) (   7,    7) (   8,    7) (   8,    8) (   7,    7) (   7,    7) (   7,    6)
          (   8,    4) (   7,    8) (   7,    5) (   7,    8) (   7,    8) (   7,    8) (   6,    6) (   8,    8) (   6,    7) (   8,    8)
          (   7,    7) (   7,    7) (   6,    8) (   8,    4) (   8,    6) (   8,    6) (   7,    7) (   8,    8) (   8,    8) (   8,    8)
          (   8,    6) (   7,    8) (   8,    8) (   7,    7) (   8,    8) (   8,    7) (   8,    7) (   7,    5) (   7,    8) (   7,    8)
          (   7,    8) (   8,    8) (   8,    7) (   7,    8) (   8,    8) (   6,    8) (   8,    8) (   8,    8) (   7,    7) (   7,    8)
          (   7,    8) (   7,    6) (   8,    7) (   8,    8) (   7,    8) (   6,    7) (   6,    5) (   8,    7) (   7,    7) (   7,    8)
          (   6,    6) (   5,    8) (   8,    8) (   7,    7) (   5,    8) (   6,    6) (   8,    8) (   7,    7) (   7,    7) (   7,    7)
          (   7,    6) (   8,    8) (   8,    8) (   8,    8) (   8,    8) (   8,    8) (   8,    8) (   8,    8) (   8,    8) (   8,    8)
          (   8,    8) (   8,    8) (   8,    8) (   8,    8) (   8,    8) (   8,    8) (   8,    8) (   8,    8) (   8,    8) (   8,    8)
          (   8,    8) (   8,    8) (   8,    8) (   8,    8) (   8,    8) (   8,    8) (   8,    8) (   8,    8) (   8,    8) (   8,    8)
          (   8,    8) (   8,    8) (   8,    8) (   8,    8) (   8,    8) (   8,    8) (   8,    8) (   8,    8) (   8,    8) (   8,    8)
          (   8,    8) (   8,    8) (   8,    8) (   8,    8) (   8,    8) (   8,    8) (   8,    8) (   8,    8) (   8,    8) (   8,    8)
          (   8,    8) (   8,    8) (   8,    8) (   8,    8) (   8,    8) (   8,    8) (   8,    8) (   8,    8) (   8,    8) (   8,    8)
          (   8,    8) (   8,    8) (   8,    8) (   8,    8) (   8,    8) (   8,    8) (   8,    8) (   8,    8) (   8,    8) (   8,    8)
          (   8,    8) (   8,    8) (   8,    8) (   8,    8) (   8,    8) (   8,    8) (   8,    8) (   8,    8) (   8,    8) (   8,    8)
          (   8,    8) (   8,    8) (   8,    8) (   8,    8) (   8,    8) (   8,    8) (   8,    8) (   8,    8) (   8,    8) (   8,    8)
          (   8,    8) (   8,    8) (   8,    8) (   8,    8) (   8,    8) (   8,    8) (   8,    8) (   8,    8) (   8,    8) (   8,    8)
          (   8,    8) (   8,    8) (   8,    8) (   8,    8) (   8,    8) (   8,    8) (   8,    8) (   8,    8) (   8,    8) (   8,    8)
          (   8,    8) (   8,    8) (   8,    8) (   8,    8) (   8,    8) (   8,    8) (   8,    8) (   8,    8) (   8,    8) (   8,    8)
          (   8,    8) (   8,    8) (   8,    8) (   8,    8) (   8,    8) (   8,    8) (   8,    8) (   8,    8) (   8,    8) (   8,    8)
          (   8,    8) (   8,    8) (   8,    8) (   8,    8) (   8,    8) (   8,    8) (   8,    8) (   8,    8) (   8,    8) (   8,    8)
          (   8,    8) (   8,    8) (   8,    8) (   8,    8) (   8,    8) (   8,    8) (   8,    8) (   8,    8) (   8,    8) (   8,    8)
          (   8,    8) (   8,    8) (   8,    8) (   8,    8) (   8,    8) (   8,    8) (   8,    8) (   8,    8) (   8,    8) (   8,    8)
          (   8,    8) (   8,    8) (   8,    8) (   8,    8) (   8,    8) (   8,    8) (   8,    8) (   8,    8) (   8,    8) (   8,    8)
          (   8,    8) (   8,    8) (   8,    8) (   8,    8) (   8,    8) (   8,    8) (   8,    8) (   8,    8) (   8,    8) (   8,    8)
          (   8,    8) (   8,    8) (   8,    8) (   8,    8) (   8,    8) (   8,    8) (   8,    8) (   8,    8) (   8,    8) (   8,    8)
          (   8,    8) (   8,    8) (   8,    8) (   8,    8) (   8,    8) (   8,    8) (   8,    8) (   8,    8) (   8,    8) (   8,    8)
          (   8,    8) (   8,    8) (   8,    8) (   8,    8) (   8,    8) (   8,    8) (   8,    8) (   8,    8) (   8,    8) (   8,    8)
          (   8,    8) (   8,    8) (   8,    8) (   8,    8) (   8,    8) (   8,    8) (   8,    8) (   8,    8) (   8,    8) (   8,    8)
          (   8,    8) (   8,    8) (   8,    8) (   8,    8) (   8,    8) (   8,    8) (   8,    8) (   8,    8) (   8,    8) (   8,    8)
          (   8,    8) (   8,    8) (   8,    8) (   8,    8) (   8,    8) (   8,    8) (   8,    8) (   8,    8) (   8,    8) (   8,    8)
          (   8,    8) (   8,    8) (   8,    8) (   8,    8) (   8,    8) (   8,    8) (   8,    8) (   8,    8) (   8,    8) (   8,    8)
          (   8,    8) (   8,    8) (   8,    8) (   8,    8) (   8,    8) (   8,    8) (   8,    8) (   8,    8) (   8,    8) (   8,    8)
          (   8,    8) (   8,    8) (   8,    8) (   8,    8) (   8,    8) (   8,    8) (   8,    8) (   8,    8) (   8,    8) (   8,    8)
          (   8,    8) (   8,    8) (   8,    8) (   8,    8) (   8,    8) (   8,    8) (   8,    8) (   8,    8) (   8,    8) (   8,    8)
          (   8,    8) (   8,    8) (   8,    8) (   8,    8) (   8,    8) (   8,    8) (   8,    8) (   8,    8) (   8,    8) (   8,    8)
          (   8,    8) (   8,    8) (   8,    8) (   8,    8) (   8,    8) (   8,    8) (   8,    8) (   8,    8) (   8,    8) (   8,    8)
          (   8,    8) (   8,    8) (   8,    8) (   8,    8) (   8,    8) (   8,    8) (   8,    8) (   8,    8) (   8,    8) (   8,    8)
          (   8,    8) (   8,    8) (   8,    8) (   8,    8) (   8,    8) (   8,    8) (   8,    8) (   8,    8) (   8,    8) (   8,    8)
          (   8,    8) (   8,    8) (   8,    8) (   8,    8) (   8,    8) (   8,    8) (   8,    8) (   8,    8) (   8,    8) (   8,    8)
          (   8,    8) (   8,    8) (   8,    8) (   8,    8) (   8,    8) (   8,    8) (   8,    8) (   8,    8) (   8,    8) (   8,    8)
          (   8,    8) (   8,    8) (   8,    8) (   8,    8) (   8,    8) (   8,    8) (   8,    8) (   8,    8) (   8,    8) (   8,    8)
          (   8,    8) (   8,    8) (   8,    8) (   8,    8) (   8,    8) (   8,    8) (   8,    8) (   8,    8) (   8,    8) (   8,    8)
          (   8,    8) (   8,    8) (   8,    8) (   8,    8) (   8,    8) (   8,    8) (   8,    8) (   8,    8) (   8,    8) (   8,    8)
          (   8,    8) (   8,    8) (   8,    8) (   8,    8) (   8,    8) (   8,    8) (   8,    8) (   8,    8) (   8,    8) (   8,    8)
          (   8,    8) (   8,    8) (   8,    8) (   8,    8) (   8,    8) (   8,    8) (   8,    8) (   8,    8) (   8,    8) (   8,    8)
          (   8,    8) (   8,    8) (   8,    8) (   8,    8) (   8,    8) (   8,    8) (   8,    8) (   8,    8) (   8,    8) (   8,    8)
         
node   2 sent_total   5491  recv_total   5458

node   3  (   1,    0) (   0,    0) (   3,    2) (   7,    3) (   9,    7) (   9,    9) (   9,    9) (   9,    9) (   9,    9) (   9,    9)
          (   9,    9) (   9,    9) (   9,    9) (   9,    9) (   9,    9) (   9,    9) (   9,    9) (   9,    9) (   9,    9) (   9,    9)
          (   9,    9) (   9,    9) (   9,    9) (   9,    9) (   9,    9) (   9,    9) (   9,    9) (   9,    9) (   9,    9) (   9,    9)
          (   9,    9) (   9,    9) (   9,    9) (   9,    9) (   9,    9) (   9,    9) (   9,    9) (   9,    9) (   9,    9) (   9,    9)
          (   9,    9) (   9,    9) (   9,    9) (   9,    9) (   9,    9) (   9,    9) (   9,    9) (   9,    9) (   9,    9) (   9,    9)
          (   9,    9) (   9,    9) (   8,    8) (   8,    8) (   9,    9) (   9,    8) (   9,    8) (   9,    9) (   9,    9) (   9,    9)
          (   9,    9) (   6,    7) (   9,    7) (   9,    9) (   8,    8) (   9,    7) (   8,    6) (   8,    8) (   7,    8) (   9,    7)
          (   8,    9) (   7,    9) (   9,    8) (   9,    9) (   9,    8) (   8,    8) (   8,    8) (   9,    7) (   7,    7) (   8,    9)
          (   8,    9) (   9,    7) (   9,    9) (   9,    8) (   9,    9) (   8,    8) (   8,    8) (   8,    8) (   8,    7) (   7,    8)
          (   9,    9) (   9,    8) (   8,    7) (   9,    9) (   9,    8) (   7,    9) (   8,    7) (   8,    9) (   8,    8) (   6,    9)
          (   8,    8) (   8,    9) (   7,    6) (   9,    6) (   9,    6) (   9,    7) (   8,    8) (   7,    7) (   8,    7) (   9,    8)
          (   8,    7) (   9,    5) (   8,    8) (   9,    7) (   9,    7) (   8,    7) (   6,    8) (   7,    7) (   8,    6) (   9,    5)
          (   8,    8) (   8,    8) (   7,    7) (   8,    8) (   8,    7) (   6,    6) (   8,    5) (   8,    8) (   7,    8) (   7,    5)
          (   7,    7) (   7,    7) (   8,    8) (   8,    8) (   6,    8) (   8,    8) (   8,    6) (   6,    8) (   7,    8) (   7,    8)
          (   8,    8) (   6,    5) (   7,    8) (   7,    6) (   8,    8) (   7,    8) (   8,    8) (   5,    7) (   7,    8) (   7,    8)
          (   6,    7) (   8,    8) (   8,    8) (   8,    5) (   8,    6) (   7,    5) (   7,    8) (   7,    8) (   7,    7) (   8,    7)
          (   7,    8) (   7,    6) (   8,    8) (   6,    6) (   8,    6) (   7,    6) (   8,    8) (   8,    8) (   7,    7) (   8,    8)
          (   8,    8) (   7,    8) (   7,    7) (   6,    8) (   8,    6) (   8,    7) (   8,    8) (   7,    8) (   7,    8) (   8,    7)
          (   7,    6) (   7,    8) (   7,    8) (   7,    8) (   5,    7) (   7,    7) (   8,    8) (   7,    8) (   6,    8) (   7,    8)
          (   6,    7) (   6,    8) (   6,    8) (   7,    5) (   7,    8) (   7,    6) (   8,    7) (   8,    7) (   5,    8) (   6,    7)
          (   7,    7) (   6,    7) (   7,    7) (   8,    8) (   7,    7) (   8,    7) (   8,    7) (   8,    6) (   7,    8) (   5,    8)
          (   7,    7) (   8,    6) (   7,    8) (   8,    7) (   7,    8) (   8,    8) (   7,    5) (   8,    7) (   5,    8) (   8,    8)
          (   7,    8) (   8,    8) (   6,    7) (   8,    8) (   7,    6) (   8,    5) (   8,    8) (   8,    7) (   8,    6) (   6,    7)
          (   8,    7) (   7,    8) (   7,    7) (   7,    8) (   8,    8) (   8,    8) (   7,    8) (   8,    7) (   5,    8) (   7,    4)
          (   7,    8) (   7,    7) (   7,    7) (   6,    5) (   7,    6) (   7,    7) (   7,    7) (   8,    4) (   8,    8) (   8,    7)
          (   7,    8) (   7,    7) (   8,    7) (   8,    8) (   7,    6) (   8,    8) (   8,    7) (   8,    7) (   8,    8) (   6,    6)
          (   7,    8) (   6,    8) (   7,    8) (   7,    8) (   8,    7) (   7,    8) (   8,    8) (   6,    6) (   7,    8) (   7,    8)
          (   7,    8) (   8,    8) (   7,    8) (   8,    7) (   8,    8) (   7,    8) (   8,    8) (   7,    5) (   6,    6) (   7,    7)
          (   7,    7) (   8,    7) (   8,    6) (   8,    7) (   7,    8) (   7,    5) (   8,    6) (   8,    8) (   8,    7) (   8,    8)
          (   8,    7) (   8,    8) (   6,    8) (   8,    7) (   6,    6) (   8,    6) (   7,    6) (   8,    8) (   8,    8) (   7,    6)
          (   7,    7) (   8,    7) (   8,    8) (   8,    8) (   8,    8) (   8,    8) (   8,    8) (   8,    8) (   8,    8) (   8,    8)
          (   8,    8) (   8,    8) (   8,    8) (   8,    8) (   8,    8) (   8,    8) (   8,    8) (   8,    8) (   8,    8) (   8,    8)
          (   8,    8) (   8,    8) (   8,    8) (   8,    8) (   8,    8) (   8,    8) (   8,    8) (   8,    8) (   8,    8) (   8,    8)
          (   8,    8) (   8,    8) (   8,    8) (   8,    8) (   8,    8) (   8,    8) (   8,    8) (   8,    8) (   8,    8) (   8,    8)
          (   8,    8) (   8,    8) (   8,    8) (   8,    8) (   8,    8) (   8,    8) (   8,    8) (   8,    8) (   8,    8) (   8,    8)
          (   8,    8) (   8,    8) (   8,    8) (   8,    8) (   8,    8) (   8,    8) (   8,    8) (   8,    8) (   8,    8) (   8,    8)
          (   8,    8) (   8,    8) (   8,    8) (   8,    8) (   8,    8) (   8,    8) (   8,    8) (   8,    8) (   8,    8) (   8,    8)
          (   8,    8) (   8,    8) (   8,    8) (   8,    8) (   8,    8) (   8,    8) (   8,    8) (   8,    8) (   8,    8) (   8,    8)
          (   8,    8) (   8,    8) (   8,    8) (   8,    8) (   8,    8) (   8,    8) (   8,    8) (   8,    8) (   8,    8) (   8,    8)
          (   8,    8) (   8,    8) (   8,    8) (   8,    8) (   8,    8) (   8,    8) (   8,    8) (   8,    8) (   8,    8) (   8,    8)
          (   8,    8) (   8,    8) (   8,    8) (   8,    8) (   8,    8) (   8,    8) (   8,    8) (   8,    8) (   8,    8) (   8,    8)
          (   8,    8) (   8,    8) (   8,    8) (   8,    8) (   8,    8) (   8,    8) (   8,    8) (   8,    8) (   8,    8) (   8,    8)
          (   8,    8) (   8,    8) (   8,    8) (   8,    8) (   8,    8) (   8,    8) (   8,    8) (   8,    8) (   8,    8) (   8,    8)
          (   8,    8) (   8,    8) (   8,    8) (   8,    8) (   8,    8) (   8,    8) (   8,    8) (   8,    8) (   8,    8) (   8,    8)
          (   8,    8) (   8,    8) (   8,    8) (   8,    8) (   8,    8) (   8,    8) (   8,    8) (   8,    8) (   8,    8) (   8,    8)
          (   8,    8) (   8,    8) (   8,    8) (   8,    8) (   8,    8) (   8,    8) (   8,    8) (   8,    8) (   8,    8) (   8,    8)
          (   8,    8) (   8,    8) (   8,    8) (   8,    8) (   8,    8) (   8,    8) (   8,    8) (   8,    8) (   8,    8) (   8,    8)
          (   8,    8) (   8,    8) (   8,    8) (   8,    8) (   8,    8) (   8,    8) (   8,    8) (   8,    8) (   8,    8) (   8,    8)
          (   8,    8) (   8,    8) (   8,    8) (   8,    8) (   8,    8) (   8,    8) (   8,    8) (   8,    8) (   8,    8) (   8,    8)
          (   8,    8) (   8,    8) (   8,    8) (   8,    8) (   8,    8) (   8,    8) (   8,    8) (   8,    8) (   8,    8) (   8,    8)
          (   8,    8) (   8,    8) (   8,    8) (   8,    8) (   8,    8) (   8,    8) (   8,    8) (   8,    8) (   8,    8) (   8,    8)
          (   8,    8) (   8,    8) (   8,    8) (   8,    8) (   8,    8) (   8,    8) (   8,    8) (   8,    8) (   8,    8) (   8,    8)
          (   8,    8) (   8,    8) (   8,    8) (   8,    8) (   8,    8) (   8,    8) (   8,    8) (   8,    8) (   8,    8) (   8,    8)
          (   8,    8) (   8,    8) (   8,    8) (   8,    8) (   8,    8) (   8,    8) (   8,    8) (   8,    8) (   8,    8) (   8,    8)
          (   8,    8) (   8,    8) (   8,    8) (   8,    8) (   8,    8) (   8,    8) (   8,    8) (   8,    8) (   8,    8) (   8,    8)
          (   8,    8) (   8,    8) (   8,    8) (   8,    8) (   8,    8) (   8,    8) (   8,    8) (   8,    8) (   8,    8) (   8,    8)
          (   8,    8) (   8,    8) (   8,    8) (   8,    8) (   8,    8) (   8,    8) (   8,    8) (   8,    8) (   8,    8) (   8,    8)
          (   8,    8) (   8,    8) (   8,    8) (   8,    8) (   8,    8) (   8,    8) (   8,    8) (   8,    8) (   8,    8) (   8,    8)
          (   8,    8) (   8,    8) (   8,    8) (   8,    8) (   8,    8) (   8,    8) (   8,    8) (   8,    8) (   8,    8) (   8,    8)
          (   8,    8) (   8,    8) (   8,    8) (   8,    8) (   8,    8) (   8,    8) (   8,    8) (   8,    8) (   8,    8) (   8,    8)
          (   8,    8) (   8,    8) (   8,    8) (   8,    8) (   8,    8) (   8,    8) (   8,    8) (   8,    8) (   8,    8) (   8,    8)
          (   8,    8) (   8,    8) (   8,    8) (   8,    8) (   8,    8) (   8,    8) (   8,    8) (   8,    8) (   8,    8) (   8,    8)
          (   8,    8) (   8,    8) (   8,    8) (   8,    8) (   8,    8) (   8,    8) (   8,    8) (   8,    8) (   8,    8) (   8,    8)
          (   8,    8) (   8,    8) (   8,    8) (   8,    8) (   8,    8) (   8,    8) (   8,    8) (   8,    8) (   8,    8) (   8,    8)
          (   8,    8) (   8,    8) (   8,    8) (   8,    8) (   8,    8) (   8,    8) (   8,    8) (   8,    8) (   8,    8) (   8,    8)
          (   8,    8) (   8,    8) (   8,    8) (   8,    8) (   8,    8) (   8,    8) (   8,    8) (   8,    8) (   8,    8) (   8,    8)
          (   8,    8) (   8,    8) (   8,    8) (   8,    8) (   8,    8) (   8,    8) (   8,    8) (   8,    8) (   8,    8) (   8,    8)
          (   8,    8) (   8,    8) (   8,    8) (   8,    8) (   8,    8) (   8,    8) (   8,    8) (   8,    8) (   8,    8) (   8,    8)
          (   8,    8) (   8,    8) (   8,    8) (   8,    8) (   8,    8) (   8,    8) (   8,    8) (   8,    8) (   8,    8) (   8,    8)
          (   8,    8) (   8,    8) (   8,    8) (   8,    8) (   8,    8) (   8,    8) (   8,    8) (   8,    8) (   8,    8) (   8,    8)
         
node   3 sent_total   5507  recv_total   5458

node   4  (   1,    0) (   0,    0) (   3,    2) (   7,    3) (   9,    7) (   9,    9) (   9,    9) (   9,    9) (   9,    9) (   9,    9)
          (   9,    9) (   9,    9) (   9,    9) (   9,    9) (   9,    9) (   9,    9) (   9,    9) (   9,    9) (   9,    9) (   9,    9)
          (   9,    9) (   9,    9) (   9,    9) (   9,    9) (   9,    9) (   9,    9) (   9,    9) (   9,    9) (   9,    9) (   9,    9)
          (   9,    9) (   9,    9) (   9,    9) (   9,    9) (   9,    9) (   9,    9) (   9,    9) (   9,    9) (   9,    9) (   9,    9)
          (   9,    9) (   9,    9) (   9,    9) (   9,    9) (   9,    9) (   9,    9) (   9,    9) (   9,    9) (   9,    9) (   9,    9)
          (   9,    9) (   9,    9) (   8,    6) (   9,    7) (   9,    6) (   9,    7) (   9,    9) (   8,    8) (   9,    8) (   7,    8)
          (   7,    8) (   9,    9) (   9,    9) (   8,    9) (   7,    8) (   7,    6) (   8,    9) (   7,    7) (   8,    9) (   6,    8)
          (   8,    8) (   7,    8) (   8,    7) (   8,    9) (   7,    8) (   8,    7) (   6,    8) (   6,    9) (   9,    9) (   6,    9)
          (   8,    9) (   7,    9) (   8,    8) (   8,    9) (   8,    8) (   9,    8) (   9,    8) (   8,    8) (   9,    9) (   8,    6)
          (   7,    7) (   8,    9) (   9,    8) (   8,    7) (   9,    7) (   9,    6) (   9,    7) (   8,    9) (   9,    8) (   8,    7)
          (   7,    8) (   0,    0) (   0,    0) (   0,    0) (   0,    0) (   0,    0) (   0,    0) (   0,    0) (   0,    0) (   0,    0)
          (   0,    0) (   0,    0) (   0,    0) (   0,    0) (   0,    0) (   0,    0) (   0,    0) (   0,    0) (   0,    0) (   0,    0)
          (   0,    0) (   0,    0) (   0,    0) (   0,    0) (   0,    0) (   0,    0) (   0,    0) (   0,    0) (   0,    0) (   0,    0)
          (   0,    0) (   0,    0) (   0,    0) (   0,    0) (   0,    0) (   0,    0) (   0,    0) (   0,    0) (   0,    0) (   0,    0)
          (   0,    0) (   0,    0) (   0,    0) (   0,    0) (   0,    0) (   0,    0) (   0,    0) (   0,    0) (   0,    0) (   0,    0)
          (   0,    0) (   0,    0) (   0,    0) (   0,    0) (   0,    0) (   0,    0) (   0,    0) (   0,    0) (   0,    0) (   0,    0)
          (   0,    0) (   0,    0) (   0,    0) (   0,    0) (   0,    0) (   0,    0) (   0,    0) (   0,    0) (   0,    0) (   0,    0)
          (   0,    0) (   0,    0) (   0,    0) (   0,    0) (   0,    0) (   0,    0) (   0,    0) (   0,    0) (   0,    0) (   0,    0)
          (   0,    0) (   0,    0) (   0,    0) (   0,    0) (   0,    0) (   0,    0) (   0,    0) (   0,    0) (   0,    0) (   0,    0)
          (   0,    0) (   0,    0) (   0,    0) (   0,    0) (   0,    0) (   0,    0) (   0,    0) (   0,    0) (   0,    0) (   0,    0)
          (   0,    0) (   0,    0) (   0,    0) (   0,    0) (   0,    0) (   0,    0) (   0,    0) (   0,    0) (   0,    0) (   0,    0)
          (   0,    0) (   0,    0) (   0,    0) (   0,    0) (   0,    0) (   0,    0) (   0,    0) (   0,    0) (   0,    0) (   0,    0)
          (   0,    0) (   0,    0) (   0,    0) (   0,    0) (   0,    0) (   0,    0) (   0,    0) (   0,    0) (   0,    0) (   0,    0)
          (   0,    0) (   0,    0) (   0,    0) (   0,    0) (   0,    0) (   0,    0) (   0,    0) (   0,    0) (   0,    0) (   0,    0)
          (   0,    0) (   0,    0) (   0,    0) (   0,    0) (   0,    0) (   0,    0) (   0,    0) (   0,    0) (   0,    0) (   0,    0)
          (   0,    0) (   0,    0) (   0,    0) (   0,    0) (   0,    0) (   0,    0) (   0,    0) (   0,    0) (   0,    0) (   0,    0)
          (   0,    0) (   0,    0) (   0,    0) (   0,    0) (   0,    0) (   0,    0) (   0,    0) (   0,    0) (   0,    0) (   0,    0)
          (   0,    0) (   0,    0) (   0,    0) (   0,    0) (   0,    0) (   0,    0) (   0,    0) (   0,    0) (   0,    0) (   0,    0)
          (   0,    0) (   0,    0) (   0,    0) (   0,    0) (   0,    0) (   0,    0) (   0,    0) (   0,    0) (   0,    0) (   0,    0)
          (   0,    0) (   0,    0) (   0,    0) (   0,    0) (   0,    0) (   0,    0) (   0,    0) (   0,    0) (   0,    0) (   0,    0)
          (   0,    0) (   0,    0) (   0,    0) (   0,    0) (   0,    0) (   0,    0) (   0,    0) (   0,    0) (   0,    0) (   0,    0)
          (   0,    0) (   0,    0) (   0,    0) (   0,    0) (   0,    0) (   0,    0) (   0,    0) (   0,    0) (   0,    0) (   0,    0)
          (   0,    0) (   0,    0) (   0,    0) (   0,    0) (   0,    0) (   0,    0) (   0,    0) (   0,    0) (   0,    0) (   0,    0)
          (   0,    0) (   0,    0) (   0,    0) (   0,    0) (   0,    0) (   0,    0) (   0,    0) (   0,    0) (   0,    0) (   0,    0)
          (   0,    0) (   0,    0) (   0,    0) (   0,    0) (   0,    0) (   0,    0) (   0,    0) (   0,    0) (   0,    0) (   0,    0)
          (   0,    0) (   0,    0) (   0,    0) (   0,    0) (   0,    0) (   0,    0) (   0,    0) (   0,    0) (   0,    0) (   0,    0)
          (   0,    0) (   0,    0) (   0,    0) (   0,    0) (   0,    0) (   0,    0) (   0,    0) (   0,    0) (   0,    0) (   0,    0)
          (   0,    0) (   0,    0) (   0,    0) (   0,    0) (   0,    0) (   0,    0) (   0,    0) (   0,    0) (   0,    0) (   0,    0)
          (   0,    0) (   0,    0) (   0,    0) (   0,    0) (   0,    0) (   0,    0) (   0,    0) (   0,    0) (   0,    0) (   0,    0)
          (   0,    0) (   0,    0) (   0,    0) (   0,    0) (   0,    0) (   0,    0) (   0,    0) (   0,    0) (   0,    0) (   0,    0)
          (   0,    0) (   0,    0) (   0,    0) (   0,    0) (   0,    0) (   0,    0) (   0,    0) (   0,    0) (   0,    0) (   0,    0)
          (   0,    0) (   0,    0) (   0,    0) (   0,    0) (   0,    0) (   0,    0) (   0,    0) (   0,    0) (   0,    0) (   0,    0)
          (   0,    0) (   0,    0) (   0,    0) (   0,    0) (   0,    0) (   0,    0) (   0,    0) (   0,    0) (   0,    0) (   0,    0)
          (   0,    0) (   0,    0) (   0,    0) (   0,    0) (   0,    0) (   0,    0) (   0,    0) (   0,    0) (   0,    0) (   0,    0)
          (   0,    0) (   0,    0) (   0,    0) (   0,    0) (   0,    0) (   0,    0) (   0,    0) (   0,    0) (   0,    0) (   0,    0)
          (   0,    0) (   0,    0) (   0,    0) (   0,    0) (   0,    0) (   0,    0) (   0,    0) (   0,    0) (   0,    0) (   0,    0)
          (   0,    0) (   0,    0) (   0,    0) (   0,    0) (   0,    0) (   0,    0) (   0,    0) (   0,    0) (   0,    0) (   0,    0)
          (   0,    0) (   0,    0) (   0,    0) (   0,    0) (   0,    0) (   0,    0) (   0,    0) (   0,    0) (   0,    0) (   0,    0)
          (   0,    0) (   0,    0) (   0,    0) (   0,    0) (   0,    0) (   0,    0) (   0,    0) (   0,    0) (   0,    0) (   0,    0)
          (   0,    0) (   0,    0) (   0,    0) (   0,    0) (   0,    0) (   0,    0) (   0,    0) (   0,    0) (   0,    0) (   0,    0)
          (   0,    0) (   0,    0) (   0,    0) (   0,    0) (   0,    0) (   0,    0) (   0,    0) (   0,    0) (   0,    0) (   0,    0)
          (   0,    0) (   0,    0) (   0,    0) (   0,    0) (   0,    0) (   0,    0) (   0,    0) (   0,    0) (   0,    0) (   0,    0)
          (   0,    0) (   0,    0) (   0,    0) (   0,    0) (   0,    0) (   0,    0) (   0,    0) (   0,    0) (   0,    0) (   0,    0)
          (   0,    0) (   0,    0) (   0,    0) (   0,    0) (   0,    0) (   0,    0) (   0,    0) (   0,    0) (   0,    0) (   0,    0)
          (   0,    0) (   0,    0) (   0,    0) (   0,    0) (   0,    0) (   0,    0) (   0,    0) (   0,    0) (   0,    0) (   0,    0)
          (   0,    0) (   0,    0) (   0,    0) (   0,    0) (   0,    0) (   0,    0) (   0,    0) (   0,    0) (   0,    0) (   0,    0)
          (   0,    0) (   0,    0) (   0,    0) (   0,    0) (   0,    0) (   0,    0) (   0,    0) (   0,    0) (   0,    0) (   0,    0)
          (   0,    0) (   0,    0) (   0,    0) (   0,    0) (   0,    0) (   0,    0) (   0,    0) (   0,    0) (   0,    0) (   0,    0)
          (   0,    0) (   0,    0) (   0,    0) (   0,    0) (   0,    0) (   0,    0) (   0,    0) (   0,    0) (   0,    0) (   0,    0)
          (   0,    0) (   0,    0) (   0,    0) (   0,    0) (   0,    0) (   0,    0) (   0,    0) (   0,    0) (   0,    0) (   0,    0)
          (   0,    0) (   0,    0) (   0,    0) (   0,    0) (   0,    0) (   0,    0) (   0,    0) (   0,    0) (   0,    0) (   0,    0)
          (   0,    0) (   0,    0) (   0,    0) (   0,    0) (   0,    0) (   0,    0) (   0,    0) (   0,    0) (   0,    0) (   0,    0)
          (   0,    0) (   0,    0) (   0,    0) (   0,    0) (   0,    0) (   0,    0) (   0,    0) (   0,    0) (   0,    0) (   0,    0)
          (   0,    0) (   0,    0) (   0,    0) (   0,    0) (   0,    0) (   0,    0) (   0,    0) (   0,    0) (   0,    0) (   0,    0)
          (   0,    0) (   0,    0) (   0,    0) (   0,    0) (   0,    0) (   0,    0) (   0,    0) (   0,    0) (   0,    0) (   0,    0)
          (   0,    0) (   0,    0) (   0,    0) (   0,    0) (   0,    0) (   0,    0) (   0,    0) (   0,    0) (   0,    0) (   0,    0)
          (   0,    0) (   0,    0) (   0,    0) (   0,    0) (   0,    0) (   0,    0) (   0,    0) (   0,    0) (   0,    0) (   0,    0)
          (   0,    0) (   0,    0) (   0,    0) (   0,    0) (   0,    0) (   0,    0) (   0,    0) (   0,    0) (   0,    0) (   0,    0)
          (   0,    0) (   0,    0) (   0,    0) (   0,    0) (   0,    0) (   0,    0) (   0,    0) (   0,    0) (   0,    0) (   0,    0)
          (   0,    0) (   0,    0) (   0,    0) (   0,    0) (   0,    0) (   0,    0) (   0,    0) (   0,    0) (   0,    0) (   0,    0)
         
node   4 sent_total    833  recv_total    823

node   5  (   0,    0) (   1,    0) (   0,    0) (   7,    2) (   9,    7) (   9,    9) (   9,    9) (   9,    9) (   9,    9) (   9,    9)
          (   9,    9) (   9,    9) (   9,    9) (   9,    9) (   9,    9) (   9,    9) (   9,    9) (   9,    9) (   9,    9) (   9,    9)
          (   9,    9) (   9,    9) (   9,    9) (   9,    9) (   9,    9) (   9,    9) (   9,    9) (   9,    9) (   9,    9) (   9,    9)
          (   9,    9) (   9,    9) (   9,    9) (   9,    9) (   9,    9) (   9,    9) (   9,    9) (   9,    9) (   9,    9) (   9,    9)
          (   9,    9) (   9,    9) (   9,    9) (   9,    9) (   9,    9) (   9,    9) (   9,    9) (   9,    9) (   9,    9) (   9,    9)
          (   9,    9) (   9,    9) (   9,    8) (   6,    8) (   8,    8) (   9,    8) (   9,    8) (   9,    9) (   8,    7) (   9,    7)
          (   9,    9) (   9,    9) (   8,    9) (   7,    9) (   8,    8) (   8,    7) (   8,    8) (   8,    9) (   8,    6) (   9,    7)
          (   8,    7) (   8,    9) (   6,    7) (   8,    9) (   8,    7) (   8,    8) (   7,    9) (   8,    9) (   7,    9) (   8,    9)
          (   9,    7) (   8,    8) (   9,    6) (   8,    8) (   7,    7) (   8,    7) (   9,    8) (   7,    8) (   7,    9) (   8,    8)
          (   9,    7) (   9,    9) (   6,    8) (   9,    7) (   9,    7) (   7,    9) (   9,    8) (   8,    8) (   8,    8) (   9,    9)
          (   8,    8) (   8,    8) (   8,    7) (   9,    5) (   8,    8) (   6,    7) (   8,    8) (   7,    7) (   9,    7) (   8,    8)
          (   8,    8) (   7,    7) (   8,    7) (   8,    8) (   7,    7) (   8,    8) (   8,    8) (   9,    8) (   8,    8) (   7,    6)
          (   9,    7) (   7,    8) (   7,    7) (   7,    8) (   7,    6) (   6,    6) (   6,    6) (   7,    7) (   7,    6) (   7,    8)
          (   7,    5) (   7,    8) (   7,    7) (   7,    7) (   6,    8) (   8,    7) (   7,    8) (   7,    7) (   8,    7) (   8,    7)
          (   8,    8) (   8,    7) (   7,    7) (   7,    6) (   7,    8) (   8,    6) (   6,    7) (   8,    7) (   8,    7) (   6,    7)
          (   8,    6) (   8,    6) (   7,    8) (   8,    8) (   7,    7) (   6,    7) (   8,    4) (   7,    8) (   7,    6) (   6,    6)
          (   8,    8) (   6,    7) (   7,    8) (   7,    8) (   8,    7) (   6,    6) (   7,    7) (   7,    6) (   7,    7) (   8,    6)
          (   7,    8) (   8,    8) (   7,    6) (   8,    8) (   7,    7) (   8,    8) (   8,    7) (   7,    8) (   8,    8) (   6,    6)
          (   8,    7) (   7,    8) (   8,    8) (   7,    6) (   7,    6) (   8,    5) (   8,    8) (   7,    8) (   7,    7) (   7,    6)
          (   8,    7) (   8,    7) (   8,    7) (   8,    7) (   6,    8) (   8,    7) (   7,    7) (   5,    8) (   7,    7) (   8,    7)
          (   8,    6) (   7,    6) (   7,    7) (   5,    8) (   6,    8) (   7,    8) (   8,    8) (   8,    8) (   8,    8) (   7,    8)
          (   7,    7) (   7,    6) (   7,    7) (   8,    7) (   7,    7) (   6,    8) (   7,    8) (   8,    7) (   8,    8) (   8,    6)
          (   8,    5) (   6,    7) (   7,    8) (   6,    6) (   6,    7) (   8,    7) (   7,    7) (   8,    8) (   6,    8) (   7,    7)
          (   8,    7) (   8,    8) (   6,    7) (   7,    8) (   7,    7) (   8,    7) (   6,    8) (   8,    8) (   6,    8) (   8,    6)
          (   8,    7) (   6,    7) (   5,    6) (   7,    8) (   7,    7) (   6,    7) (   5,    7) (   6,    7) (   6,    7) (   8,    8)
          (   7,    8) (   8,    7) (   7,    7) (   7,    8) (   6,    8) (   7,    7) (   8,    8) (   8,    7) (   8,    7) (   7,    8)
          (   8,    6) (   7,    7) (   8,    7) (   6,    7) (   7,    7) (   8,    8) (   5,    7) (   8,    8) (   7,    7) (   8,    4)
          (   8,    7) (   6,    6) (   5,    6) (   8,    8) (   8,    8) (   8,    8) (   8,    6) (   8,    8) (   7,    6) (   6,    7)
          (   8,    8) (   6,    5) (   8,    8) (   8,    7) (   8,    8) (   7,    8) (   8,    5) (   8,    8) (   8,    7) (   7,    8)
          (   7,    7) (   7,    7) (   6,    7) (   7,    7) (   8,    8) (   7,    8) (   8,    8) (   7,    8) (   6,    8) (   8,    8)
          (   8,    7) (   8,    7) (   8,    8) (   8,    8) (   8,    8) (   8,    8) (   8,    8) (   8,    8) (   8,    8) (   8,    8)
          (   8,    8) (   8,    8) (   8,    8) (   8,    8) (   8,    8) (   8,    8) (   8,    8) (   8,    8) (   8,    8) (   8,    8)
          (   8,    8) (   8,    8) (   8,    8) (   8,    8) (   8,    8) (   8,    8) (   8,    8) (   8,    8) (   8,    8) (   8,    8)
          (   8,    8) (   8,    8) (   8,    8) (   8,    8) (   8,    8) (   8,    8) (   8,    8) (   8,    8) (   8,    8) (   8,    8)
          (   8,    8) (   8,    8) (   8,    8) (   8,    8) (   8,    8) (   8,    8) (   8,    8) (   8,    8) (   8,    8) (   8,    8)
          (   8,    8) (   8,    8) (   8,    8) (   8,    8) (   8,    8) (   8,    8) (   8,    8) (   8,    8) (   8,    8) (   8,    8)
          (   8,    8) (   8,    8) (   8,    8) (   8,    8) (   8,    8) (   8,    8) (   8,    8) (   8,    8) (   8,    8) (   8,    8)
          (   8,    8) (   8,    8) (   8,    8) (   8,    8) (   8,    8) (   8,    8) (   8,    8) (   8,    8) (   8,    8) (   8,    8)
          (   8,    8) (   8,    8) (   8,    8) (   8,    8) (   8,    8) (   8,    8) (   8,    8) (   8,    8) (   8,    8) (   8,    8)
          (   8,    8) (   8,    8) (   8,    8) (   8,    8) (   8,    8) (   8,    8) (   8,    8) (   8,    8) (   8,    8) (   8,    8)
          (   8,    8) (   8,    8) (   8,    8) (   8,    8) (   8,    8) (   8,    8) (   8,    8) (   8,    8) (   8,    8) (   8,    8)
          (   8,    8) (   8,    8) (   8,    8) (   8,    8) (   8,    8) (   8,    8) (   8,    8) (   8,    8) (   8,    8) (   8,    8)
          (   8,    8) (   8,    8) (   8,    8) (   8,    8) (   8,    8) (   8,    8) (   8,    8) (   8,    8) (   8,    8) (   8,    8)
          (   8,    8) (   8,    8) (   8,    8) (   8,    8) (   8,    8) (   8,    8) (   8,    8) (   8,    8) (   8,    8) (   8,    8)
          (   8,    8) (   8,    8) (   8,    8) (   8,    8) (   8,    8) (   8,    8) (   8,    8) (   8,    8) (   8,    8) (   8,    8)
          (   8,    8) (   8,    8) (   8,    8) (   8,    8) (   8,    8) (   8,    8) (   8,    8) (   8,    8) (   8,    8) (   8,    8)
          (   8,    8) (   8,    8) (   8,    8) (   8,    8) (   8,    8) (   8,    8) (   8,    8) (   8,    8) (   8,    8) (   8,    8)
          (   8,    8) (   8,    8) (   8,    8) (   8,    8) (   8,    8) (   8,    8) (   8,    8) (   8,    8) (   8,    8) (   8,    8)
          (   8,    8) (   8,    8) (   8,    8) (   8,    8) (   8,    8) (   8,    8) (   8,    8) (   8,    8) (   8,    8) (   8,    8)
          (   8,    8) (   8,    8) (   8,    8) (   8,    8) (   8,    8) (   8,    8) (   8,    8) (   8,    8) (   8,    8) (   8,    8)
          (   8,    8) (   8,    8) (   8,    8) (   8,    8) (   8,    8) (   8,    8) (   8,    8) (   8,    8) (   8,    8) (   8,    8)
          (   8,    8) (   8,    8) (   8,    8) (   8,    8) (   8,    8) (   8,    8) (   8,    8) (   8,    8) (   8,    8) (   8,    8)
          (   8,    8) (   8,    8) (   8,    8) (   8,    8) (   8,    8) (   8,    8) (   8,    8) (   8,    8) (   8,    8) (   8,    8)
          (   8,    8) (   8,    8) (   8,    8) (   8,    8) (   8,    8) (   8,    8) (   8,    8) (   8,    8) (   8,    8) (   8,    8)
          (   8,    8) (   8,    8) (   8,    8) (   8,    8) (   8,    8) (   8,    8) (   8,    8) (   8,    8) (   8,    8) (   8,    8)
          (   8,    8) (   8,    8) (   8,    8) (   8,    8) (   8,    8) (   8,    8) (   8,    8) (   8,    8) (   8,    8) (   8,    8)
          (   8,    8) (   8,    8) (   8,    8) (   8,    8) (   8,    8) (   8,    8) (   8,    8) (   8,    8) (   8,    8) (   8,    8)
          (   8,    8) (   8,    8) (   8,    8) (   8,    8) (   8,    8) (   8,    8) (   8,    8) (   8,    8) (   8,    8) (   8,    8)
          (   8,    8) (   8,    8) (   8,    8) (   8,    8) (   8,    8) (   8,    8) (   8,    8) (   8,    8) (   8,    8) (   8,    8)
          (   8,    8) (   8,    8) (   8,    8) (   8,    8) (   8,    8) (   8,    8) (   8,    8) (   8,    8) (   8,    8) (   8,    8)
          (   8,    8) (   8,    8) (   8,    8) (   8,    8) (   8,    8) (   8,    8) (   8,    8) (   8,    8) (   8,    8) (   8,    8)
          (   8,    8) (   8,    8) (   8,    8) (   8,    8) (   8,    8) (   8,    8) (   8,    8) (   8,    8) (   8,    8) (   8,    8)
          (   8,    8) (   8,    8) (   8,    8) (   8,    8) (   8,    8) (   8,    8) (   8,    8) (   8,    8) (   8,    8) (   8,    8)
          (   8,    8) (   8,    8) (   8,    8) (   8,    8) (   8,    8) (   8,    8) (   8,    8) (   8,    8) (   8,    8) (   8,    8)
          (   8,    8) (   8,    8) (   8,    8) (   8,    8) (   8,    8) (   8,    8) (   8,    8) (   8,    8) (   8,    8) (   8,    8)
          (   8,    8) (   8,    8) (   8,    8) (   8,    8) (   8,    8) (   8,    8) (   8,    8) (   8,    8) (   8,    8) (   8,    8)
          (   8,    8) (   8,    8) (   8,    8) (   8,    8) (   8,    8) (   8,    8) (   8,    8) (   8,    8) (   8,    8) (   8,    8)
          (   8,    8) (   8,    8) (   8,    8) (   8,    8) (   8,    8) (   8,    8) (   8,    8) (   8,    8) (   8,    8) (   8,    8)
          (   8,    8) (   8,    8) (   8,    8) (   8,    8) (   8,    8) (   8,    8) (   8,    8) (   8,    8) (   8,    8) (   8,    8)
          (   8,    8) (   8,    8) (   8,    8) (   8,    8) (   8,    8) (   8,    8) (   8,    8) (   8,    8) (   8,    8) (   8,    8)
         
node   5 sent_total   5477  recv_total   5444

node   6  (   0,    0) (   1,    0) (   0,    0) (   7,    2) (   9,    7) (   9,    9) (   9,    9) (   9,    9) (   9,    9) (   9,    9)
          (   9,    9) (   9,    9) (   9,    9) (   9,    9) (   9,    9) (   9,    9) (   9,    9) (   9,    9) (   9,    9) (   9,    9)
          (   9,    9) (   9,    9) (   9,    9) (   9,    9) (   9,    9) (   9,    9) (   9,    9) (   9,    9) (   9,    9) (   9,    9)
          (   9,    9) (   9,    9) (   9,    9) (   9,    9) (   9,    9) (   9,    9) (   9,    9) (   9,    9) (   9,    9) (   9,    9)
          (   9,    9) (   9,    9) (   9,    9) (   9,    9) (   9,    9) (   9,    9) (   9,    9) (   9,    9) (   9,    9) (   9,    9)
          (   9,    9) (   7,    9) (   7,    7) (   8,    7) (   9,    9) (   9,    9) (   8,    9) (   8,    9) (   8,    5) (   8,    8)
          (   9,    7) (   9,    8) (   8,    9) (   7,    9) (   8,    9) (   8,    9) (   8,    9) (   8,    9) (   8,    9) (   9,    9)
          (   9,    8) (   8,    8) (   9,    6) (   9,    9) (   8,    8) (   8,    9) (   9,    9) (   9,    9) (   8,    7) (   8,    8)
          (   9,    7) (   9,    8) (   7,    9) (   9,    8) (   7,    9) (   9,    8) (   7,    9) (   9,    7) (   7,    8) (   9,    8)
          (   8,    7) (   9,    9) (   7,    8) (   7,    7) (   9,    8) (   7,    9) (   7,    7) (   9,    9) (   7,    7) (   9,    9)
          (   7,    8) (   7,    8) (   8,    7) (   8,    8) (   9,    7) (   9,    6) (   8,    7) (   8,    5) (   8,    8) (   9,    8)
          (   8,    6) (   7,    7) (   9,    8) (   9,    6) (   8,    8) (   9,    8) (   8,    8) (   7,    7) (   9,    7) (   8,    8)
          (   8,    8) (   8,    8) (   7,    8) (   5,    6) (   8,    8) (   6,    7) (   5,    7) (   7,    7) (   7,    8) (   7,    8)
          (   7,    7) (   7,    8) (   6,    7) (   7,    7) (   7,    8) (   8,    5) (   5,    8) (   7,    7) (   8,    7) (   7,    8)
          (   7,    8) (   7,    8) (   7,    8) (   8,    8) (   7,    7) (   7,    7) (   8,    6) (   7,    8) (   7,    6) (   7,    8)
          (   6,    8) (   8,    6) (   7,    8) (   6,    8) (   5,    7) (   7,    8) (   8,    5) (   8,    6) (   6,    6) (   7,    7)
          (   8,    8) (   8,    6) (   6,    6) (   5,    7) (   8,    8) (   8,    8) (   7,    7) (   7,    7) (   7,    7) (   7,    8)
          (   8,    8) (   8,    7) (   8,    7) (   7,    8) (   6,    6) (   8,    6) (   7,    8) (   8,    6) (   8,    6) (   7,    7)
          (   7,    7) (   7,    7) (   6,    7) (   6,    7) (   5,    6) (   8,    6) (   7,    7) (   8,    7) (   8,    8) (   7,    8)
          (   6,    7) (   7,    8) (   7,    7) (   7,    5) (   7,    7) (   8,    8) (   7,    8) (   8,    7) (   8,    5) (   8,    7)
          (   8,    8) (   7,    7) (   7,    6) (   7,    8) (   8,    7) (   7,    6) (   7,    7) (   8,    8) (   8,    8) (   4,    7)
          (   6,    6) (   7,    7) (   5,    8) (   8,    8) (   6,    8) (   4,    7) (   8,    6) (   8,    8) (   8,    7) (   7,    8)
          (   7,    8) (   8,    8) (   7,    5) (   8,    7) (   6,    7) (   6,    7) (   8,    8) (   8,    8) (   5,    8) (   8,    7)
          (   8,    7) (   7,    7) (   6,    6) (   8,    8) (   8,    8) (   7,    8) (   7,    7) (   6,    8) (   5,    7) (   6,    7)
          (   7,    8) (   7,    7) (   8,    7) (   7,    7) (   7,    7) (   8,    8) (   8,    6) (   8,    7) (   8,    7) (   7,    8)
          (   5,    7) (   7,    8) (   7,    8) (   5,    6) (   6,    7) (   7,    7) (   8,    7) (   7,    8) (   7,    7) (   8,    8)
          (   8,    8) (   8,    8) (   8,    7) (   7,    7) (   7,    7) (   7,    8) (   7,    7) (   7,    8) (   8,    8) (   8,    7)
          (   7,    8) (   8,    8) (   8,    8) (   8,    7) (   7,    7) (   7,    7) (   7,    7) (   7,    8) (   8,    7) (   8,    7)
          (   7,    8) (   7,    8) (   7,    6) (   7,    8) (   7,    7) (   7,    8) (   7,    6) (   7,    8) (   8,    7) (   7,    8)
          (   8,    7) (   8,    8) (   8,    7) (   8,    3) (   6,    7) (   7,    8) (   7,    8) (   8,    6) (   6,    7) (   6,    8)
          (   8,    6) (   8,    7) (   8,    8) (   8,    8) (   8,    8) (   8,    8) (   8,    8) (   8,    8) (   8,    8) (   8,    8)
          (   8,    8) (   8,    8) (   8,    8) (   8,    8) (   8,    8) (   8,    8) (   8,    8) (   8,    8) (   8,    8) (   8,    8)
          (   8,    8) (   8,    8) (   8,    8) (   8,    8) (   8,    8) (   8,    8) (   8,    8) (   8,    8) (   8,    8) (   8,    8)
          (   8,    8) (   8,    8) (   8,    8) (   8,    8) (   8,    8) (   8,    8) (   8,    8) (   8,    8) (   8,    8) (   8,    8)
          (   8,    8) (   8,    8) (   8,    8) (   8,    8) (   8,    8) (   8,    8) (   8,    8) (   8,    8) (   8,    8) (   8,    8)
          (   8,    8) (   8,    8) (   8,    8) (   8,    8) (   8,    8) (   8,    8) (   8,    8) (   8,    8) (   8,    8) (   8,    8)
          (   8,    8) (   8,    8) (   8,    8) (   8,    8) (   8,    8) (   8,    8) (   8,    8) (   8,    8) (   8,    8) (   8,    8)
          (   8,    8) (   8,    8) (   8,    8) (   8,    8) (   8,    8) (   8,    8) (   8,    8) (   8,    8) (   8,    8) (   8,    8)
          (   8,    8) (   8,    8) (   8,    8) (   8,    8) (   8,    8) (   8,    8) (   8,    8) (   8,    8) (   8,    8) (   8,    8)
          (   8,    8) (   8,    8) (   8,    8) (   8,    8) (   8,    8) (   8,    8) (   8,    8) (   8,    8) (   8,    8) (   8,    8)
          (   8,    8) (   8,    8) (   8,    8) (   8,    8) (   8,    8) (   8,    8) (   8,    8) (   8,    8) (   8,    8) (   8,    8)
          (   8,    8) (   8,    8) (   8,    8) (   8,    8) (   8,    8) (   8,    8) (   8,    8) (   8,    8) (   8,    8) (   8,    8)
          (   8,    8) (   8,    8) (   8,    8) (   8,    8) (   8,    8) (   8,    8) (   8,    8) (   8,    8) (   8,    8) (   8,    8)
          (   8,    8) (   8,    8) (   8,    8) (   8,    8) (   8,    8) (   8,    8) (   8,    8) (   8,    8) (   8,    8) (   8,    8)
          (   8,    8) (   8,    8) (   8,    8) (   8,    8) (   8,    8) (   8,    8) (   8,    8) (   8,    8) (   8,    8) (   8,    8)
          (   8,    8) (   8,    8) (   8,    8) (   8,    8) (   8,    8) (   8,    8) (   8,    8) (   8,    8) (   8,    8) (   8,    8)
          (   8,    8) (   8,    8) (   8,    8) (   8,    8) (   8,    8) (   8,    8) (   8,    8) (   8,    8) (   8,    8) (   8,    8)
          (   8,    8) (   8,    8) (   8,    8) (   8,    8) (   8,    8) (   8,    8) (   8,    8) (   8,    8) (   8,    8) (   8,    8)
          (   8,    8) (   8,    8) (   8,    8) (   8,    8) (   8,    8) (   8,    8) (   8,    8) (   8,    8) (   8,    8) (   8,    8)
          (   8,    8) (   8,    8) (   8,    8) (   8,    8) (   8,    8) (   8,    8) (   8,    8) (   8,    8) (   8,    8) (   8,    8)
          (   8,    8) (   8,    8) (   8,    8) (   8,    8) (   8,    8) (   8,    8) (   8,    8) (   8,    8) (   8,    8) (   8,    8)
          (   8,    8) (   8,    8) (   8,    8) (   8,    8) (   8,    8) (   8,    8) (   8,    8) (   8,    8) (   8,    8) (   8,    8)
          (   8,    8) (   8,    8) (   8,    8) (   8,    8) (   8,    8) (   8,    8) (   8,    8) (   8,    8) (   8,    8) (   8,    8)
          (   8,    8) (   8,    8) (   8,    8) (   8,    8) (   8,    8) (   8,    8) (   8,    8) (   8,    8) (   8,    8) (   8,    8)
          (   8,    8) (   8,    8) (   8,    8) (   8,    8) (   8,    8) (   8,    8) (   8,    8) (   8,    8) (   8,    8) (   8,    8)
          (   8,    8) (   8,    8) (   8,    8) (   8,    8) (   8,    8) (   8,    8) (   8,    8) (   8,    8) (   8,    8) (   8,    8)
          (   8,    8) (   8,    8) (   8,    8) (   8,    8) (   8,    8) (   8,    8) (   8,    8) (   8,    8) (   8,    8) (   8,    8)
          (   8,    8) (   8,    8) (   8,    8) (   8,    8) (   8,    8) (   8,    8) (   8,    8) (   8,    8) (   8,    8) (   8,    8)
          (   8,    8) (   8,    8) (   8,    8) (   8,    8) (   8,    8) (   8,    8) (   8,    8) (   8,    8) (   8,    8) (   8,    8)
          (   8,    8) (   8,    8) (   8,    8) (   8,    8) (   8,    8) (   8,    8) (   8,    8) (   8,    8) (   8,    8) (   8,    8)
          (   8,    8) (   8,    8) (   8,    8) (   8,    8) (   8,    8) (   8,    8) (   8,    8) (   8,    8) (   8,    8) (   8,    8)
          (   8,    8) (   8,    8) (   8,    8) (   8,    8) (   8,    8) (   8,    8) (   8,    8) (   8,    8) (   8,    8) (   8,    8)
          (   8,    8) (   8,    8) (   8,    8) (   8,    8) (   8,    8) (   8,    8) (   8,    8) (   8,    8) (   8,    8) (   8,    8)
          (   8,    8) (   8,    8) (   8,    8) (   8,    8) (   8,    8) (   8,    8) (   8,    8) (   8,    8) (   8,    8) (   8,    8)
          (   8,    8) (   8,    8) (   8,    8) (   8,    8) (   8,    8) (   8,    8) (   8,    8) (   8,    8) (   8,    8) (   8,    8)
          (   8,    8) (   8,    8) (   8,    8) (   8,    8) (   8,    8) (   8,    8) (   8,    8) (   8,    8) (   8,    8) (   8,    8)
          (   8,    8) (   8,    8) (   8,    8) (   8,    8) (   8,    8) (   8,    8) (   8,    8) (   8,    8) (   8,    8) (   8,    8)
          (   8,    8) (   8,    8) (   8,    8) (   8,    8) (   8,    8) (   8,    8) (   8,    8) (   8,    8) (   8,    8) (   8,    8)
          (   8,    8) (   8,    8) (   8,    8) (   8,    8) (   8,    8) (   8,    8) (   8,    8) (   8,    8) (   8,    8) (   8,    8)
          (   8,    8) (   8,    8) (   8,    8) (   8,    8) (   8,    8) (   8,    8) (   8,    8) (   8,    8) (   8,    8) (   8,    8)
         
node   6 sent_total   5471  recv_total   5464

node   7  (   0,    0) (   1,    0) (   0,    0) (   7,    2) (   9,    7) (   9,    9) (   9,    9) (   9,    9) (   9,    9) (   9,    9)
          (   9,    9) (   9,    9) (   9,    9) (   9,    9) (   9,    9) (   9,    9) (   9,    9) (   9,    9) (   9,    9) (   9,    9)
          (   9,    9) (   9,    9) (   9,    9) (   9,    9) (   9,    9) (   9,    9) (   9,    9) (   9,    9) (   9,    9) (   9,    9)
          (   9,    9) (   9,    9) (   9,    9) (   9,    9) (   9,    9) (   9,    9) (   9,    9) (   9,    9) (   9,    9) (   9,    9)
          (   9,    9) (   9,    9) (   9,    9) (   9,    9) (   9,    9) (   9,    9) (   9,    9) (   9,    9) (   9,    9) (   9,    9)
          (   9,    9) (   8,    9) (   8,    8) (   8,    9) (   9,    7) (   9,    8) (   8,    9) (   7,    9) (   8,    9) (   7,    8)
          (   9,    9) (   8,    8) (   9,    9) (   8,    7) (   7,    8) (   9,    8) (   7,    7) (   7,    7) (   8,    7) (   9,    6)
          (   9,    7) (   8,    8) (   8,    6) (   8,    9) (   7,    7) (   8,    9) (   8,    9) (   5,    9) (   7,    9) (   8,    9)
          (   8,    6) (   9,    7) (   7,    9) (   9,    7) (   9,    9) (   9,    7) (   9,    8) (   9,    7) (   7,    9) (   8,    7)
          (   9,    9) (   8,    8) (   8,    8) (   9,    8) (   8,    9) (   6,    9) (   9,    8) (   8,    8) (   8,    9) (   8,    8)
          (   8,    7) (   7,    7) (   8,    7) (   9,    6) (   8,    6) (   9,    7) (   9,    8) (   9,    6) (   8,    6) (   8,    7)
          (   8,    7) (   9,    8) (   9,    8) (   7,    8) (   9,    8) (   9,    8) (   9,    6) (   8,    7) (   8,    7) (   9,    7)
          (   8,    7) (   8,    7) (   8,    8) (   7,    8) (   7,    7) (   7,    7) (   7,    6) (   7,    8) (   8,    6) (   8,    7)
          (   7,    8) (   8,    8) (   3,    7) (   8,    6) (   6,    7) (   6,    7) (   8,    7) (   7,    6) (   8,    5) (   8,    8)
          (   7,    8) (   8,    8) (   6,    6) (   8,    8) (   5,    7) (   8,    7) (   6,    8) (   8,    7) (   8,    7) (   7,    8)
          (   7,    6) (   8,    6) (   8,    7) (   7,    8) (   8,    8) (   7,    8) (   6,    8) (   8,    8) (   8,    8) (   7,    7)
          (   6,    7) (   8,    7) (   6,    5) (   8,    7) (   7,    6) (   8,    8) (   7,    6) (   7,    8) (   7,    7) (   8,    8)
          (   8,    8) (   8,    8) (   7,    8) (   8,    7) (   8,    8) (   5,    7) (   8,    7) (   8,    6) (   7,    6) (   6,    8)
          (   8,    7) (   7,    8) (   7,    7) (   7,    7) (   6,    8) (   8,    8) (   8,    8) (   6,    8) (   8,    7) (   7,    8)
          (   8,    7) (   8,    7) (   6,    8) (   5,    7) (   7,    6) (   8,    8) (   8,    8) (   7,    7) (   8,    7) (   8,    6)
          (   7,    8) (   8,    7) (   8,    7) (   8,    7) (   8,    8) (   8,    6) (   8,    8) (   8,    7) (   8,    8) (   7,    6)
          (   8,    6) (   8,    7) (   8,    8) (   7,    4) (   8,    6) (   8,    7) (   7,    6) (   8,    8) (   7,    8) (   7,    5)
          (   8,    8) (   8,    8) (   8,    7) (   8,    6) (   8,    6) (   7,    8) (   4,    8) (   7,    6) (   7,    8) (   6,    8)
          (   8,    7) (   7,    7) (   7,    8) (   7,    5) (   8,    7) (   8,    7) (   7,    8) (   8,    7) (   7,    7) (   7,    8)
          (   7,    7) (   7,    4) (   8,    7) (   8,    7) (   7,    8) (   8,    8) (   7,    8) (   7,    7) (   7,    8) (   7,    8)
          (   8,    7) (   8,    7) (   7,    7) (   7,    8) (   7,    8) (   6,    8) (   7,    8) (   6,    8) (   7,    7) (   8,    8)
          (   8,    8) (   8,    8) (   6,    8) (   8,    7) (   8,    8) (   8,    7) (   6,    8) (   8,    4) (   7,    7) (   8,    8)
          (   8,    7) (   8,    7) (   7,    5) (   8,    7) (   6,    7) (   7,    8) (   7,    8) (   7,    8) (   7,    8) (   8,    6)
          (   4,    8) (   7,    8) (   5,    8) (   7,    8) (   8,    8) (   7,    7) (   8,    8) (   8,    5) (   8,    8) (   7,    7)
          (   7,    7) (   8,    7) (   5,    7) (   7,    6) (   5,    7) (   7,    7) (   8,    7) (   8,    7) (   8,    7) (   7,    7)
          (   7,    6) (   8,    7) (   8,    8) (   8,    8) (   8,    8) (   8,    8) (   8,    8) (   8,    8) (   8,    8) (   8,    8)
          (   8,    8) (   8,    8) (   8,    8) (   8,    8) (   8,    8) (   8,    8) (   8,    8) (   8,    8) (   8,    8) (   8,    8)
          (   8,    8) (   8,    8) (   8,    8) (   8,    8) (   8,    8) (   8,    8) (   8,    8) (   8,    8) (   8,    8) (   8,    8)
          (   8,    8) (   8,    8) (   8,    8) (   8,    8) (   8,    8) (   8,    8) (   8,    8) (   8,    8) (   8,    8) (   8,    8)
          (   8,    8) (   8,    8) (   8,    8) (   8,    8) (   8,    8) (   8,    8) (   8,    8) (   8,    8) (   8,    8) (   8,    8)
          (   8,    8) (   8,    8) (   8,    8) (   8,    8) (   8,    8) (   8,    8) (   8,    8) (   8,    8) (   8,    8) (   8,    8)
          (   8,    8) (   8,    8) (   8,    8) (   8,    8) (   8,    8) (   8,    8) (   8,    8) (   8,    8) (   8,    8) (   8,    8)
          (   8,    8) (   8,    8) (   8,    8) (   8,    8) (   8,    8) (   8,    8) (   8,    8) (   8,    8) (   8,    8) (   8,    8)
          (   8,    8) (   8,    8) (   8,    8) (   8,    8) (   8,    8) (   8,    8) (   8,    8) (   8,    8) (   8,    8) (   8,    8)
          (   8,    8) (   8,    8) (   8,    8) (   8,    8) (   8,    8) (   8,    8) (   8,    8) (   8,    8) (   8,    8) (   8,    8)
          (   8,    8) (   8,    8) (   8,    8) (   8,    8) (   8,    8) (   8,    8) (   8,    8) (   8,    8) (   8,    8) (   8,    8)
          (   8,    8) (   8,    8) (   8,    8) (   8,    8) (   8,    8) (   8,    8) (   8,    8) (   8,    8) (   8,    8) (   8,    8)
          (   8,    8) (   8,    8) (   8,    8) (   8,    8) (   8,    8) (   8,    8) (   8,    8) (   8,    8) (   8,    8) (   8,    8)
          (   8,    8) (   8,    8) (   8,    8) (   8,    8) (   8,    8) (   8,    8) (   8,    8) (   8,    8) (   8,    8) (   8,    8)
          (   8,    8) (   8,    8) (   8,    8) (   8,    8) (   8,    8) (   8,    8) (   8,    8) (   8,    8) (   8,    8) (   8,    8)
          (   8,    8) (   8,    8) (   8,    8) (   8,    8) (   8,    8) (   8,    8) (   8,    8) (   8,    8) (   8,    8) (   8,    8)
          (   8,    8) (   8,    8) (   8,    8) (   8,    8) (   8,    8) (   8,    8) (   8,    8) (   8,    8) (   8,    8) (   8,    8)
          (   8,    8) (   8,    8) (   8,    8) (   8,    8) (   8,    8) (   8,    8) (   8,    8) (   8,    8) (   8,    8) (   8,    8)
          (   8,    8) (   8,    8) (   8,    8) (   8,    8) (   8,    8) (   8,    8) (   8,    8) (   8,    8) (   8,    8) (   8,    8)
          (   8,    8) (   8,    8) (   8,    8) (   8,    8) (   8,    8) (   8,    8) (   8,    8) (   8,    8) (   8,    8) (   8,    8)
          (   8,    8) (   8,    8) (   8,    8) (   8,    8) (   8,    8) (   8,    8) (   8,    8) (   8,    8) (   8,    8) (   8,    8)
          (   8,    8) (   8,    8) (   8,    8) (   8,    8) (   8,    8) (   8,    8) (   8,    8) (   8,    8) (   8,    8) (   8,    8)
          (   8,    8) (   8,    8) (   8,    8) (   8,    8) (   8,    8) (   8,    8) (   8,    8) (   8,    8) (   8,    8) (   8,    8)
          (   8,    8) (   8,    8) (   8,    8) (   8,    8) (   8,    8) (   8,    8) (   8,    8) (   8,    8) (   8,    8) (   8,    8)
          (   8,    8) (   8,    8) (   8,    8) (   8,    8) (   8,    8) (   8,    8) (   8,    8) (   8,    8) (   8,    8) (   8,    8)
          (   8,    8) (   8,    8) (   8,    8) (   8,    8) (   8,    8) (   8,    8) (   8,    8) (   8,    8) (   8,    8) (   8,    8)
          (   8,    8) (   8,    8) (   8,    8) (   8,    8) (   8,    8) (   8,    8) (   8,    8) (   8,    8) (   8,    8) (   8,    8)
          (   8,    8) (   8,    8) (   8,    8) (   8,    8) (   8,    8) (   8,    8) (   8,    8) (   8,    8) (   8,    8) (   8,    8)
          (   8,    8) (   8,    8) (   8,    8) (   8,    8) (   8,    8) (   8,    8) (   8,    8) (   8,    8) (   8,    8) (   8,    8)
          (   8,    8) (   8,    8) (   8,    8) (   8,    8) (   8,    8) (   8,    8) (   8,    8) (   8,    8) (   8,    8) (   8,    8)
          (   8,    8) (   8,    8) (   8,    8) (   8,    8) (   8,    8) (   8,    8) (   8,    8) (   8,    8) (   8,    8) (   8,    8)
          (   8,    8) (   8,    8) (   8,    8) (   8,    8) (   8,    8) (   8,    8) (   8,    8) (   8,    8) (   8,    8) (   8,    8)
          (   8,    8) (   8,    8) (   8,    8) (   8,    8) (   8,    8) (   8,    8) (   8,    8) (   8,    8) (   8,    8) (   8,    8)
          (   8,    8) (   8,    8) (   8,    8) (   8,    8) (   8,    8) (   8,    8) (   8,    8) (   8,    8) (   8,    8) (   8,    8)
          (   8,    8) (   8,    8) (   8,    8) (   8,    8) (   8,    8) (   8,    8) (   8,    8) (   8,    8) (   8,    8) (   8,    8)
          (   8,    8) (   8,    8) (   8,    8) (   8,    8) (   8,    8) (   8,    8) (   8,    8) (   8,    8) (   8,    8) (   8,    8)
          (   8,    8) (   8,    8) (   8,    8) (   8,    8) (   8,    8) (   8,    8) (   8,    8) (   8,    8) (   8,    8) (   8,    8)
          (   8,    8) (   8,    8) (   8,    8) (   8,    8) (   8,    8) (   8,    8) (   8,    8) (   8,    8) (   8,    8) (   8,    8)
          (   8,    8) (   8,    8) (   8,    8) (   8,    8) (   8,    8) (   8,    8) (   8,    8) (   8,    8) (   8,    8) (   8,    8)
          (   8,    8) (   8,    8) (   8,    8) (   8,    8) (   8,    8) (   8,    8) (   8,    8) (   8,    8) (   8,    8) (   8,    8)
         
node   7 sent_total   5501  recv_total   5449

node   8  (   0,    0) (   1,    0) (   0,    0) (   7,    2) (   9,    7) (   9,    9) (   9,    9) (   9,    9) (   9,    9) (   9,    9)
          (   9,    9) (   9,    9) (   9,    9) (   9,    9) (   9,    9) (   9,    9) (   9,    9) (   9,    9) (   9,    9) (   9,    9)
          (   9,    9) (   9,    9) (   9,    9) (   9,    9) (   9,    9) (   9,    9) (   9,    9) (   9,    9) (   9,    9) (   9,    9)
          (   9,    9) (   9,    9) (   9,    9) (   9,    9) (   9,    9) (   9,    9) (   9,    9) (   9,    9) (   9,    9) (   9,    9)
          (   9,    9) (   9,    9) (   9,    9) (   9,    9) (   9,    9) (   9,    9) (   9,    9) (   9,    9) (   9,    9) (   9,    9)
          (   9,    9) (   6,    9) (   7,    9) (   8,    8) (   7,    8) (   8,    8) (   9,    9) (   7,    7) (   7,    8) (   8,    8)
          (   9,    6) (   9,    9) (   9,    8) (   9,    9) (   7,    5) (   6,    9) (   9,    9) (   8,    8) (   5,    9) (   8,    8)
          (   8,    9) (   8,    8) (   9,    9) (   8,    8) (   8,    9) (   9,    8) (   7,    8) (   8,    7) (   8,    8) (   8,    9)
          (   8,    9) (   9,    9) (   8,    9) (   8,    9) (   9,    9) (   8,    8) (   8,    8) (   8,    9) (   8,    8) (   8,    8)
          (   8,    9) (   8,    8) (   9,    9) (   8,    8) (   8,    8) (   8,    9) (   8,    9) (   9,    9) (   8,    7) (   9,    9)
          (   9,    9) (   8,    9) (   8,    8) (   9,    7) (   7,    7) (   8,    8) (   8,    7) (   9,    8) (   9,    7) (   9,    7)
          (   9,    8) (   9,    7) (   7,    7) (   8,    8) (   8,    6) (   7,    8) (   9,    8) (   8,    6) (   7,    6) (   9,    8)
          (   8,    8) (   7,    7) (   7,    6) (   8,    6) (   8,    6) (   8,    7) (   8,    7) (   6,    8) (   7,    8) (   7,    6)
          (   8,    7) (   8,    7) (   4,    7) (   8,    7) (   8,    7) (   6,    7) (   8,    7) (   7,    6) (   8,    6) (   8,    7)
          (   8,    8) (   8,    8) (   8,    8) (   8,    7) (   8,    8) (   6,    7) (   7,    8) (   6,    7) (   8,    8) (   7,    6)
          (   6,    6) (   7,    7) (   7,    7) (   8,    8) (   7,    7) (   8,    7) (   8,    7) (   7,    8) (   7,    8) (   7,    8)
          (   7,    7) (   8,    8) (   7,    7) (   8,    5) (   8,    7) (   8,    6) (   8,    5) (   8,    7) (   8,    7) (   8,    7)
          (   7,    6) (   8,    8) (   7,    8) (   4,    8) (   8,    7) (   8,    8) (   6,    8) (   8,    8) (   6,    8) (   6,    8)
          (   7,    7) (   8,    7) (   7,    8) (   7,    6) (   8,    6) (   8,    6) (   8,    7) (   8,    8) (   8,    7) (   7,    7)
          (   8,    6) (   8,    6) (   8,    8) (   8,    7) (   7,    6) (   6,    8) (   8,    7) (   6,    7) (   8,    6) (   8,    6)
          (   8,    8) (   6,    7) (   8,    7) (   8,    8) (   6,    5) (   8,    7) (   7,    8) (   8,    7) (   7,    7) (   8,    8)
          (   7,    6) (   6,    6) (   8,    8) (   7,    7) (   8,    8) (   6,    7) (   6,    8) (   8,    4) (   6,    7) (   8,    6)
          (   8,    8) (   7,    8) (   8,    5) (   7,    7) (   8,    7) (   8,    6) (   7,    6) (   8,    8) (   8,    8) (   5,    7)
          (   8,    5) (   7,    8) (   7,    8) (   8,    7) (   8,    8) (   8,    7) (   7,    6) (   7,    8) (   6,    8) (   7,    7)
          (   6,    8) (   7,    8) (   8,    7) (   7,    8) (   7,    6) (   8,    8) (   7,    8) (   7,    8) (   8,    7) (   8,    8)
          (   8,    8) (   8,    8) (   8,    7) (   7,    7) (   8,    6) (   7,    6) (   7,    8) (   8,    8) (   7,    7) (   6,    8)
          (   8,    8) (   8,    8) (   7,    7) (   8,    7) (   8,    8) (   8,    8) (   7,    5) (   7,    8) (   7,    6) (   7,    8)
          (   7,    7) (   7,    8) (   8,    6) (   6,    7) (   8,    7) (   7,    8) (   7,    7) (   8,    8) (   5,    7) (   7,    8)
          (   6,    5) (   7,    8) (   8,    8) (   7,    8) (   7,    8) (   7,    7) (   5,    8) (   6,    8) (   6,    8) (   7,    8)
          (   8,    8) (   7,    7) (   7,    6) (   8,    7) (   8,    7) (   8,    6) (   7,    8) (   6,    8) (   7,    8) (   8,    7)
          (   7,    7) (   8,    8) (   8,    8) (   8,    8) (   8,    8) (   8,    8) (   8,    8) (   8,    8) (   8,    8) (   8,    8)
          (   8,    8) (   8,    8) (   8,    8) (   8,    8) (   8,    8) (   8,    8) (   8,    8) (   8,    8) (   8,    8) (   8,    8)
          (   8,    8) (   8,    8) (   8,    8) (   8,    8) (   8,    8) (   8,    8) (   8,    8) (   8,    8) (   8,    8) (   8,    8)
          (   8,    8) (   8,    8) (   8,    8) (   8,    8) (   8,    8) (   8,    8) (   8,    8) (   8,    8) (   8,    8) (   8,    8)
          (   8,    8) (   8,    8) (   8,    8) (   8,    8) (   8,    8) (   8,    8) (   8,    8) (   8,    8) (   8,    8) (   8,    8)
          (   8,    8) (   8,    8) (   8,    8) (   8,    8) (   8,    8) (   8,    8) (   8,    8) (   8,    8) (   8,    8) (   8,    8)
          (   8,    8) (   8,    8) (   8,    8) (   8,    8) (   8,    8) (   8,    8) (   8,    8) (   8,    8) (   8,    8) (   8,    8)
          (   8,    8) (   8,    8) (   8,    8) (   8,    8) (   8,    8) (   8,    8) (   8,    8) (   8,    8) (   8,    8) (   8,    8)
          (   8,    8) (   8,    8) (   8,    8) (   8,    8) (   8,    8) (   8,    8) (   8,    8) (   8,    8) (   8,    8) (   8,    8)
          (   8,    8) (   8,    8) (   8,    8) (   8,    8) (   8,    8) (   8,    8) (   8,    8) (   8,    8) (   8,    8) (   8,    8)
          (   8,    8) (   8,    8) (   8,    8) (   8,    8) (   8,    8) (   8,    8) (   8,    8) (   8,    8) (   8,    8) (   8,    8)
          (   8,    8) (   8,    8) (   8,    8) (   8,    8) (   8,    8) (   8,    8) (   8,    8) (   8,    8) (   8,    8) (   8,    8)
          (   8,    8) (   8,    8) (   8,    8) (   8,    8) (   8,    8) (   8,    8) (   8,    8) (   8,    8) (   8,    8) (   8,    8)
          (   8,    8) (   8,    8) (   8,    8) (   8,    8) (   8,    8) (   8,    8) (   8,    8) (   8,    8) (   8,    8) (   8,    8)
          (   8,    8) (   8,    8) (   8,    8) (   8,    8) (   8,    8) (   8,    8) (   8,    8) (   8,    8) (   8,    8) (   8,    8)
          (   8,    8) (   8,    8) (   8,    8) (   8,    8) (   8,    8) (   8,    8) (   8,    8) (   8,    8) (   8,    8) (   8,    8)
          (   8,    8) (   8,    8) (   8,    8) (   8,    8) (   8,    8) (   8,    8) (   8,    8) (   8,    8) (   8,    8) (   8,    8)
          (   8,    8) (   8,    8) (   8,    8) (   8,    8) (   8,    8) (   8,    8) (   8,    8) (   8,    8) (   8,    8) (   8,    8)
          (   8,    8) (   8,    8) (   8,    8) (   8,    8) (   8,    8) (   8,    8) (   8,    8) (   8,    8) (   8,    8) (   8,    8)
          (   8,    8) (   8,    8) (   8,    8) (   8,    8) (   8,    8) (   8,    8) (   8,    8) (   8,    8) (   8,    8) (   8,    8)
          (   8,    8) (   8,    8) (   8,    8) (   8,    8) (   8,    8) (   8,    8) (   8,    8) (   8,    8) (   8,    8) (   8,    8)
          (   8,    8) (   8,    8) (   8,    8) (   8,    8) (   8,    8) (   8,    8) (   8,    8) (   8,    8) (   8,    8) (   8,    8)
          (   8,    8) (   8,    8) (   8,    8) (   8,    8) (   8,    8) (   8,    8) (   8,    8) (   8,    8) (   8,    8) (   8,    8)
          (   8,    8) (   8,    8) (   8,    8) (   8,    8) (   8,    8) (   8,    8) (   8,    8) (   8,    8) (   8,    8) (   8,    8)
          (   8,    8) (   8,    8) (   8,    8) (   8,    8) (   8,    8) (   8,    8) (   8,    8) (   8,    8) (   8,    8) (   8,    8)
          (   8,    8) (   8,    8) (   8,    8) (   8,    8) (   8,    8) (   8,    8) (   8,    8) (   8,    8) (   8,    8) (   8,    8)
          (   8,    8) (   8,    8) (   8,    8) (   8,    8) (   8,    8) (   8,    8) (   8,    8) (   8,    8) (   8,    8) (   8,    8)
          (   8,    8) (   8,    8) (   8,    8) (   8,    8) (   8,    8) (   8,    8) (   8,    8) (   8,    8) (   8,    8) (   8,    8)
          (   8,    8) (   8,    8) (   8,    8) (   8,    8) (   8,    8) (   8,    8) (   8,    8) (   8,    8) (   8,    8) (   8,    8)
          (   8,    8) (   8,    8) (   8,    8) (   8,    8) (   8,    8) (   8,    8) (   8,    8) (   8,    8) (   8,    8) (   8,    8)
          (   8,    8) (   8,    8) (   8,    8) (   8,    8) (   8,    8) (   8,    8) (   8,    8) (   8,    8) (   8,    8) (   8,    8)
          (   8,    8) (   8,    8) (   8,    8) (   8,    8) (   8,    8) (   8,    8) (   8,    8) (   8,    8) (   8,    8) (   8,    8)
          (   8,    8) (   8,    8) (   8,    8) (   8,    8) (   8,    8) (   8,    8) (   8,    8) (   8,    8) (   8,    8) (   8,    8)
          (   8,    8) (   8,    8) (   8,    8) (   8,    8) (   8,    8) (   8,    8) (   8,    8) (   8,    8) (   8,    8) (   8,    8)
          (   8,    8) (   8,    8) (   8,    8) (   8,    8) (   8,    8) (   8,    8) (   8,    8) (   8,    8) (   8,    8) (   8,    8)
          (   8,    8) (   8,    8) (   8,    8) (   8,    8) (   8,    8) (   8,    8) (   8,    8) (   8,    8) (   8,    8) (   8,    8)
          (   8,    8) (   8,    8) (   8,    8) (   8,    8) (   8,    8) (   8,    8) (   8,    8) (   8,    8) (   8,    8) (   8,    8)
          (   8,    8) (   8,    8) (   8,    8) (   8,    8) (   8,    8) (   8,    8) (   8,    8) (   8,    8) (   8,    8) (   8,    8)
          (   8,    8) (   8,    8) (   8,    8) (   8,    8) (   8,    8) (   8,    8) (   8,    8) (   8,    8) (   8,    8) (   8,    8)
          (   8,    8) (   8,    8) (   8,    8) (   8,    8) (   8,    8) (   8,    8) (   8,    8) (   8,    8) (   8,    8) (   8,    8)
         
node   8 sent_total   5500  recv_total   5467

node   9  (   0,    0) (   0,    0) (   1,    0) (   0,    0) (   9,    2) (   9,    9) (   9,    9) (   9,    9) (   9,    9) (   9,    9)
          (   9,    9) (   9,    9) (   9,    9) (   9,    9) (   9,    9) (   9,    9) (   9,    9) (   9,    9) (   9,    9) (   9,    9)
          (   9,    9) (   9,    9) (   9,    9) (   9,    9) (   9,    9) (   9,    9) (   9,    9) (   9,    9) (   9,    9) (   9,    9)
          (   9,    9) (   9,    9) (   9,    9) (   9,    9) (   9,    9) (   9,    9) (   9,    9) (   9,    9) (   9,    9) (   9,    9)
          (   9,    9) (   9,    9) (   9,    9) (   9,    9) (   9,    9) (   9,    9) (   9,    9) (   9,    9) (   9,    9) (   9,    9)
          (   9,    9) (   8,    9) (   9,    8) (   8,    9) (   9,    8) (   9,    8) (   9,    9) (   9,    7) (   7,    8) (   8,    8)
          (   9,    9) (   9,    8) (   9,    9) (   8,    8) (   9,    8) (   8,    9) (   7,    7) (   8,    9) (   9,    9) (   9,    7)
          (   8,    8) (   8,    8) (   8,    6) (   9,    7) (   4,    9) (   9,    7) (   9,    8) (   9,    7) (   9,    7) (   9,    8)
          (   7,    6) (   9,    8) (   7,    8) (   7,    8) (   8,    9) (   7,    8) (   9,    8) (   9,    9) (   8,    7) (   7,    8)
          (   8,    8) (   7,    8) (   8,    8) (   8,    8) (   9,    8) (   6,    9) (   9,    7) (   9,    8) (   9,    8) (   8,    6)
          (   9,    9) (   8,    8) (   7,    7) (   7,    8) (   8,    6) (   9,    8) (   9,    6) (   7,    7) (   9,    8) (   7,    8)
          (   8,    8) (   8,    7) (   7,    7) (   8,    8) (   9,    8) (   8,    7) (   8,    7) (   5,    7) (   7,    6) (   9,    8)
          (   9,    6) (   8,    7) (   8,    8) (   7,    8) (   6,    7) (   7,    8) (   8,    8) (   8,    6) (   8,    6) (   6,    8)
          (   6,    8) (   8,    4) (   8,    6) (   8,    6) (   8,    8) (   7,    8) (   7,    7) (   7,    7) (   8,    8) (   8,    7)
          (   7,    7) (   8,    8) (   8,    8) (   8,    8) (   7,    6) (   7,    8) (   6,    7) (   8,    7) (   8,    4) (   8,    8)
          (   8,    7) (   8,    7) (   7,    8) (   6,    6) (   7,    8) (   8,    8) (   7,    8) (   7,    7) (   7,    7) (   7,    7)
          (   8,    6) (   8,    7) (   7,    8) (   7,    8) (   5,    7) (   6,    8) (   7,    6) (   6,    7) (   8,    8) (   8,    6)
          (   8,    8) (   6,    7) (   8,    7) (   7,    6) (   8,    6) (   8,    8) (   7,    7) (   7,    7) (   7,    8) (   8,    8)
          (   7,    7) (   8,    8) (   7,    8) (   6,    8) (   8,    7) (   7,    6) (   8,    7) (   7,    7) (   8,    8) (   7,    8)
          (   8,    7) (   7,    7) (   7,    6) (   7,    6) (   7,    6) (   8,    7) (   6,    6) (   8,    8) (   6,    8) (   6,    8)
          (   8,    7) (   7,    7) (   8,    7) (   7,    7) (   7,    7) (   8,    7) (   8,    8) (   7,    6) (   8,    8) (   8,    8)
          (   8,    7) (   8,    6) (   8,    7) (   7,    8) (   8,    8) (   7,    7) (   6,    7) (   8,    7) (   5,    8) (   8,    8)
          (   8,    8) (   6,    8) (   7,    8) (   6,    8) (   6,    7) (   7,    8) (   8,    8) (   7,    7) (   7,    7) (   6,    7)
          (   6,    6) (   8,    7) (   7,    6) (   5,    7) (   7,    8) (   8,    8) (   8,    8) (   7,    8) (   7,    7) (   7,    7)
          (   7,    6) (   8,    8) (   6,    8) (   6,    8) (   8,    8) (   6,    7) (   7,    8) (   6,    7) (   8,    8) (   8,    6)
          (   7,    8) (   8,    7) (   6,    8) (   6,    7) (   7,    8) (   8,    7) (   7,    6) (   8,    7) (   8,    7) (   7,    8)
          (   8,    5) (   8,    8) (   7,    8) (   8,    7) (   7,    6) (   8,    8) (   6,    6) (   7,    6) (   8,    7) (   8,    7)
          (   8,    7) (   6,    7) (   7,    8) (   8,    8) (   8,    7) (   7,    8) (   8,    8) (   7,    8) (   8,    8) (   7,    5)
          (   8,    6) (   8,    7) (   8,    6) (   7,    8) (   7,    7) (   6,    8) (   7,    8) (   6,    8) (   7,    8) (   8,    8)
          (   7,    7) (   5,    7) (   6,    7) (   5,    7) (   8,    5) (   7,    5) (   7,    7) (   8,    8) (   7,    7) (   6,    8)
          (   8,    8) (   8,    8) (   8,    8) (   8,    8) (   8,    8) (   8,    8) (   8,    8) (   8,    8) (   8,    8) (   8,    8)
          (   8,    8) (   8,    8) (   8,    8) (   8,    8) (   8,    8) (   8,    8) (   8,    8) (   8,    8) (   8,    8) (   8,    8)
          (   8,    8) (   8,    8) (   8,    8) (   8,    8) (   8,    8) (   8,    8) (   8,    8) (   8,    8) (   8,    8) (   8,    8)
          (   8,    8) (   8,    8) (   8,    8) (   8,    8) (   8,    8) (   8,    8) (   8,    8) (   8,    8) (   8,    8) (   8,    8)
          (   8,    8) (   8,    8) (   8,    8) (   8,    8) (   8,    8) (   8,    8) (   8,    8) (   8,    8) (   8,    8) (   8,    8)
          (   8,    8) (   8,    8) (   8,    8) (   8,    8) (   8,    8) (   8,    8) (   8,    8) (   8,    8) (   8,    8) (   8,    8)
          (   8,    8) (   8,    8) (   8,    8) (   8,    8) (   8,    8) (   8,    8) (   8,    8) (   8,    8) (   8,    8) (   8,    8)
          (   8,    8) (   8,    8) (   8,    8) (   8,    8) (   8,    8) (   8,    8) (   8,    8) (   8,    8) (   8,    8) (   8,    8)
          (   8,    8) (   8,    8) (   8,    8) (   8,    8) (   8,    8) (   8,    8) (   8,    8) (   8,    8) (   8,    8) (   8,    8)
          (   8,    8) (   8,    8) (   8,    8) (   8,    8) (   8,    8) (   8,    8) (   8,    8) (   8,    8) (   8,    8) (   8,    8)
          (   8,    8) (   8,    8) (   8,    8) (   8,    8) (   8,    8) (   8,    8) (   8,    8) (   8,    8) (   8,    8) (   8,    8)
          (   8,    8) (   8,    8) (   8,    8) (   8,    8) (   8,    8) (   8,    8) (   8,    8) (   8,    8) (   8,    8) (   8,    8)
          (   8,    8) (   8,    8) (   8,    8) (   8,    8) (   8,    8) (   8,    8) (   8,    8) (   8,    8) (   8,    8) (   8,    8)
          (   8,    8) (   8,    8) (   8,    8) (   8,    8) (   8,    8) (   8,    8) (   8,    8) (   8,    8) (   8,    8) (   8,    8)
          (   8,    8) (   8,    8) (   8,    8) (   8,    8) (   8,    8) (   8,    8) (   8,    8) (   8,    8) (   8,    8) (   8,    8)
          (   8,    8) (   8,    8) (   8,    8) (   8,    8) (   8,    8) (   8,    8) (   8,    8) (   8,    8) (   8,    8) (   8,    8)
          (   8,    8) (   8,    8) (   8,    8) (   8,    8) (   8,    8) (   8,    8) (   8,    8) (   8,    8) (   8,    8) (   8,    8)
          (   8,    8) (   8,    8) (   8,    8) (   8,    8) (   8,    8) (   8,    8) (   8,    8) (   8,    8) (   8,    8) (   8,    8)
          (   8,    8) (   8,    8) (   8,    8) (   8,    8) (   8,    8) (   8,    8) (   8,    8) (   8,    8) (   8,    8) (   8,    8)
          (   8,    8) (   8,    8) (   8,    8) (   8,    8) (   8,    8) (   8,    8) (   8,    8) (   8,    8) (   8,    8) (   8,    8)
          (   8,    8) (   8,    8) (   8,    8) (   8,    8) (   8,    8) (   8,    8) (   8,    8) (   8,    8) (   8,    8) (   8,    8)
          (   8,    8) (   8,    8) (   8,    8) (   8,    8) (   8,    8) (   8,    8) (   8,    8) (   8,    8) (   8,    8) (   8,    8)
          (   8,    8) (   8,    8) (   8,    8) (   8,    8) (   8,    8) (   8,    8) (   8,    8) (   8,    8) (   8,    8) (   8,    8)
          (   8,    8) (   8,    8) (   8,    8) (   8,    8) (   8,    8) (   8,    8) (   8,    8) (   8,    8) (   8,    8) (   8,    8)
          (   8,    8) (   8,    8) (   8,    8) (   8,    8) (   8,    8) (   8,    8) (   8,    8) (   8,    8) (   8,    8) (   8,    8)
          (   8,    8) (   8,    8) (   8,    8) (   8,    8) (   8,    8) (   8,    8) (   8,    8) (   8,    8) (   8,    8) (   8,    8)
          (   8,    8) (   8,    8) (   8,    8) (   8,    8) (   8,    8) (   8,    8) (   8,    8) (   8,    8) (   8,    8) (   8,    8)
          (   8,    8) (   8,    8) (   8,    8) (   8,    8) (   8,    8) (   8,    8) (   8,    8) (   8,    8) (   8,    8) (   8,    8)
          (   8,    8) (   8,    8) (   8,    8) (   8,    8) (   8,    8) (   8,    8) (   8,    8) (   8,    8) (   8,    8) (   8,    8)
          (   8,    8) (   8,    8) (   8,    8) (   8,    8) (   8,    8) (   8,    8) (   8,    8) (   8,    8) (   8,    8) (   8,    8)
          (   8,    8) (   8,    8) (   8,    8) (   8,    8) (   8,    8) (   8,    8) (   8,    8) (   8,    8) (   8,    8) (   8,    8)
          (   8,    8) (   8,    8) (   8,    8) (   8,    8) (   8,    8) (   8,    8) (   8,    8) (   8,    8) (   8,    8) (   8,    8)
          (   8,    8) (   8,    8) (   8,    8) (   8,    8) (   8,    8) (   8,    8) (   8,    8) (   8,    8) (   8,    8) (   8,    8)
          (   8,    8) (   8,    8) (   8,    8) (   8,    8) (   8,    8) (   8,    8) (   8,    8) (   8,    8) (   8,    8) (   8,    8)
          (   8,    8) (   8,    8) (   8,    8) (   8,    8) (   8,    8) (   8,    8) (   8,    8) (   8,    8) (   8,    8) (   8,    8)
          (   8,    8) (   8,    8) (   8,    8) (   8,    8) (   8,    8) (   8,    8) (   8,    8) (   8,    8) (   8,    8) (   8,    8)
          (   8,    8) (   8,    8) (   8,    8) (   8,    8) (   8,    8) (   8,    8) (   8,    8) (   8,    8) (   8,    8) (   8,    8)
          (   8,    8) (   8,    8) (   8,    8) (   8,    8) (   8,    8) (   8,    8) (   8,    8) (   8,    8) (   8,    8) (   8,    8)
          (   8,    8) (   8,    8) (   8,    8) (   8,    8) (   8,    8) (   8,    8) (   8,    8) (   8,    8) (   8,    8) (   8,    8)
          (   8,    8) (   8,    8) (   8,    8) (   8,    8) (   8,    8) (   8,    8) (   8,    8) (   8,    8) (   8,    8) (   8,    8)
         
node   9 sent_total   5483  recv_total   5448

node  10  (   0,    0) (   0,    0) (   1,    0) (   0,    0) (   9,    2) (   9,    9) (   9,    9) (   9,    9) (   9,    9) (   9,    9)
          (   9,    9) (   9,    9) (   9,    9) (   9,    9) (   9,    9) (   9,    9) (   9,    9) (   9,    9) (   9,    9) (   9,    9)
          (   9,    9) (   9,    9) (   9,    9) (   9,    9) (   9,    9) (   9,    9) (   9,    9) (   9,    9) (   9,    9) (   9,    9)
          (   9,    9) (   9,    9) (   9,    9) (   9,    9) (   9,    9) (   9,    9) (   9,    9) (   9,    9) (   9,    9) (   9,    9)
          (   9,    9) (   9,    9) (   9,    9) (   9,    9) (   9,    9) (   9,    9) (   9,    9) (   9,    9) (   9,    9) (   9,    9)
          (   9,    9) (   7,    9) (   8,    7) (   8,    8) (   8,    8) (   8,    8) (   7,    9) (   8,    9) (   9,    9) (   9,    9)
          (   8,    8) (   8,    9) (   8,    8) (   8,    9) (   8,    9) (   9,    8) (   9,    9) (   8,    8) (   9,    9) (   8,    9)
          (   8,    9) (   8,    8) (   9,    8) (   6,    8) (   9,    9) (   9,    7) (   8,    7) (   9,    7) (   6,    8) (   8,    6)
          (   8,    9) (   7,    8) (   9,    8) (   9,    9) (   7,    8) (   9,    8) (   8,    8) (   7,    8) (   8,    9) (   8,    8)
          (   8,    8) (   6,    7) (   8,    9) (   7,    8) (   7,    8) (   8,    7) (   9,    9) (   8,    9) (   9,    9) (   8,    9)
          (   9,    7) (   8,    9) (   8,    8) (   7,    8) (   8,    8) (   8,    8) (   7,    7) (   9,    8) (   8,    7) (   7,    8)
          (   7,    8) (   9,    8) (   9,    7) (   7,    8) (   8,    7) (   9,    7) (   6,    7) (   8,    8) (   8,    8) (   8,    8)
          (   9,    8) (   6,    6) (   7,    8) (   5,    7) (   4,    7) (   7,    8) (   8,    7) (   8,    7) (   6,    7) (   7,    7)
          (   5,    8) (   7,    8) (   8,    8) (   8,    6) (   6,    8) (   8,    6) (   5,    8) (   7,    7) (   6,    6) (   8,    8)
          (   7,    7) (   8,    8) (   8,    7) (   6,    8) (   8,    8) (   7,    8) (   8,    7) (   8,    6) (   7,    8) (   7,    8)
          (   8,    8) (   8,    7) (   8,    8) (   7,    7) (   8,    6) (   5,    7) (   8,    6) (   7,    8) (   8,    8) (   8,    6)
          (   8,    8) (   5,    8) (   6,    6) (   7,    8) (   7,    6) (   8,    8) (   7,    8) (   8,    8) (   7,    7) (   8,    7)
          (   8,    8) (   7,    8) (   8,    8) (   8,    8) (   6,    7) (   7,    8) (   7,    8) (   7,    6) (   7,    7) (   8,    6)
          (   8,    6) (   8,    6) (   7,    7) (   7,    6) (   6,    7) (   8,    4) (   7,    8) (   8,    8) (   8,    7) (   7,    8)
          (   7,    6) (   7,    8) (   7,    8) (   7,    7) (   7,    7) (   8,    6) (   7,    8) (   6,    6) (   7,    7) (   7,    7)
          (   7,    8) (   6,    8) (   8,    7) (   5,    7) (   6,    7) (   8,    8) (   7,    8) (   8,    8) (   8,    8) (   6,    8)
          (   5,    7) (   7,    7) (   7,    8) (   8,    8) (   6,    7) (   7,    8) (   7,    7) (   7,    8) (   7,    8) (   7,    8)
          (   8,    7) (   8,    6) (   8,    8) (   7,    8) (   6,    8) (   7,    6) (   7,    6) (   8,    7) (   8,    7) (   6,    7)
          (   7,    7) (   7,    8) (   7,    8) (   8,    6) (   6,    7) (   7,    7) (   8,    8) (   7,    6) (   5,    6) (   7,    6)
          (   8,    8) (   7,    8) (   8,    8) (   8,    6) (   8,    7) (   7,    6) (   7,    8) (   8,    6) (   8,    8) (   8,    8)
          (   6,    7) (   7,    7) (   6,    7) (   8,    7) (   7,    7) (   6,    7) (   8,    7) (   7,    8) (   8,    8) (   6,    7)
          (   8,    7) (   8,    8) (   8,    8) (   7,    8) (   8,    8) (   5,    7) (   7,    8) (   6,    8) (   6,    8) (   8,    7)
          (   7,    8) (   6,    8) (   8,    8) (   8,    7) (   8,    8) (   8,    7) (   8,    5) (   7,    8) (   7,    8) (   7,    7)
          (   7,    8) (   7,    5) (   7,    7) (   8,    7) (   7,    7) (   7,    8) (   7,    7) (   7,    5) (   8,    7) (   6,    7)
          (   6,    7) (   8,    7) (   7,    8) (   7,    8) (   7,    8) (   7,    7) (   7,    7) (   7,    8) (   8,    8) (   8,    8)
          (   7,    8) (   8,    7) (   8,    8) (   8,    8) (   8,    8) (   8,    8) (   8,    8) (   8,    8) (   8,    8) (   8,    8)
          (   8,    8) (   8,    8) (   8,    8) (   8,    8) (   8,    8) (   8,    8) (   8,    8) (   8,    8) (   8,    8) (   8,    8)
          (   8,    8) (   8,    8) (   8,    8) (   8,    8) (   8,    8) (   8,    8) (   8,    8) (   8,    8) (   8,    8) (   8,    8)
          (   8,    8) (   8,    8) (   8,    8) (   8,    8) (   8,    8) (   8,    8) (   8,    8) (   8,    8) (   8,    8) (   8,    8)
          (   8,    8) (   8,    8) (   8,    8) (   8,    8) (   8,    8) (   8,    8) (   8,    8) (   8,    8) (   8,    8) (   8,    8)
          (   8,    8) (   8,    8) (   8,    8) (   8,    8) (   8,    8) (   8,    8) (   8,    8) (   8,    8) (   8,    8) (   8,    8)
          (   8,    8) (   8,    8) (   8,    8) (   8,    8) (   8,    8) (   8,    8) (   8,    8) (   8,    8) (   8,    8) (   8,    8)
          (   8,    8) (   8,    8) (   8,    8) (   8,    8) (   8,    8) (   8,    8) (   8,    8) (   8,    8) (   8,    8) (   8,    8)
          (   8,    8) (   8,    8) (   8,    8) (   8,    8) (   8,    8) (   8,    8) (   8,    8) (   8,    8) (   8,    8) (   8,    8)
          (   8,    8) (   8,    8) (   8,    8) (   8,    8) (   8,    8) (   8,    8) (   8,    8) (   8,    8) (   8,    8) (   8,    8)
          (   8,    8) (   8,    8) (   8,    8) (   8,    8) (   8,    8) (   8,    8) (   8,    8) (   8,    8) (   8,    8) (   8,    8)
          (   8,    8) (   8,    8) (   8,    8) (   8,    8) (   8,    8) (   8,    8) (   8,    8) (   8,    8) (   8,    8) (   8,    8)
          (   8,    8) (   8,    8) (   8,    8) (   8,    8) (   8,    8) (   8,    8) (   8,    8) (   8,    8) (   8,    8) (   8,    8)
          (   8,    8) (   8,    8) (   8,    8) (   8,    8) (   8,    8) (   8,    8) (   8,    8) (   8,    8) (   8,    8) (   8,    8)
          (   8,    8) (   8,    8) (   8,    8) (   8,    8) (   8,    8) (   8,    8) (   8,    8) (   8,    8) (   8,    8) (   8,    8)
          (   8,    8) (   8,    8) (   8,    8) (   8,    8) (   8,    8) (   8,    8) (   8,    8) (   8,    8) (   8,    8) (   8,    8)
          (   8,    8) (   8,    8) (   8,    8) (   8,    8) (   8,    8) (   8,    8) (   8,    8) (   8,    8) (   8,    8) (   8,    8)
          (   8,    8) (   8,    8) (   8,    8) (   8,    8) (   8,    8) (   8,    8) (   8,    8) (   8,    8) (   8,    8) (   8,    8)
          (   8,    8) (   8,    8) (   8,    8) (   8,    8) (   8,    8) (   8,    8) (   8,    8) (   8,    8) (   8,    8) (   8,    8)
          (   8,    8) (   8,    8) (   8,    8) (   8,    8) (   8,    8) (   8,    8) (   8,    8) (   8,    8) (   8,    8) (   8,    8)
          (   8,    8) (   8,    8) (   8,    8) (   8,    8) (   8,    8) (   8,    8) (   8,    8) (   8,    8) (   8,    8) (   8,    8)
          (   8,    8) (   8,    8) (   8,    8) (   8,    8) (   8,    8) (   8,    8) (   8,    8) (   8,    8) (   8,    8) (   8,    8)
          (   8,    8) (   8,    8) (   8,    8) (   8,    8) (   8,    8) (   8,    8) (   8,    8) (   8,    8) (   8,    8) (   8,    8)
          (   8,    8) (   8,    8) (   8,    8) (   8,    8) (   8,    8) (   8,    8) (   8,    8) (   8,    8) (   8,    8) (   8,    8)
          (   8,    8) (   8,    8) (   8,    8) (   8,    8) (   8,    8) (   8,    8) (   8,    8) (   8,    8) (   8,    8) (   8,    8)
          (   8,    8) (   8,    8) (   8,    8) (   8,    8) (   8,    8) (   8,    8) (   8,    8) (   8,    8) (   8,    8) (   8,    8)
          (   8,    8) (   8,    8) (   8,    8) (   8,    8) (   8,    8) (   8,    8) (   8,    8) (   8,    8) (   8,    8) (   8,    8)
          (   8,    8) (   8,    8) (   8,    8) (   8,    8) (   8,    8) (   8,    8) (   8,    8) (   8,    8) (   8,    8) (   8,    8)
          (   8,    8) (   8,    8) (   8,    8) (   8,    8) (   8,    8) (   8,    8) (   8,    8) (   8,    8) (   8,    8) (   8,    8)
          (   8,    8) (   8,    8) (   8,    8) (   8,    8) (   8,    8) (   8,    8) (   8,    8) (   8,    8) (   8,    8) (   8,    8)
          (   8,    8) (   8,    8) (   8,    8) (   8,    8) (   8,    8) (   8,    8) (   8,    8) (   8,    8) (   8,    8) (   8,    8)
          (   8,    8) (   8,    8) (   8,    8) (   8,    8) (   8,    8) (   8,    8) (   8,    8) (   8,    8) (   8,    8) (   8,    8)
          (   8,    8) (   8,    8) (   8,    8) (   8,    8) (   8,    8) (   8,    8) (   8,    8) (   8,    8) (   8,    8) (   8,    8)
          (   8,    8) (   8,    8) (   8,    8) (   8,    8) (   8,    8) (   8,    8) (   8,    8) (   8,    8) (   8,    8) (   8,    8)
          (   8,    8) (   8,    8) (   8,    8) (   8,    8) (   8,    8) (   8,    8) (   8,    8) (   8,    8) (   8,    8) (   8,    8)
          (   8,    8) (   8,    8) (   8,    8) (   8,    8) (   8,    8) (   8,    8) (   8,    8) (   8,    8) (   8,    8) (   8,    8)
          (   8,    8) (   8,    8) (   8,    8) (   8,    8) (   8,    8) (   8,    8) (   8,    8) (   8,    8) (   8,    8) (   8,    8)
          (   8,    8) (   8,    8) (   8,    8) (   8,    8) (   8,    8) (   8,    8) (   8,    8) (   8,    8) (   8,    8) (   8,    8)
          (   8,    8) (   8,    8) (   8,    8) (   8,    8) (   8,    8) (   8,    8) (   8,    8) (   8,    8) (   8,    8) (   8,    8)
          (   8,    8) (   8,    8) (   8,    8) (   8,    8) (   8,    8) (   8,    8) (   8,    8) (   8,    8) (   8,    8) (   8,    8)
         
node  10 sent_total   5459  recv_total   5482

